16:20:52.539 [main] INFO  io.ebean.internal.DefaultContainer - DatabasePlatform name:db platform:h2
16:20:52.698 [main] ERROR i.e.s.deploy.BeanDescriptorManager - Error in deployment
java.lang.IllegalStateException: Bean class com.zamek.wob.domain.order.Order is not enhanced?
	at io.ebeaninternal.server.deploy.BeanDescriptorManager.setEntityBeanClass(BeanDescriptorManager.java:1521)
	at io.ebeaninternal.server.deploy.BeanDescriptorManager.createByteCode(BeanDescriptorManager.java:1391)
	at io.ebeaninternal.server.deploy.BeanDescriptorManager.readDeployAssociations(BeanDescriptorManager.java:1313)
	at io.ebeaninternal.server.deploy.BeanDescriptorManager.readEntityDeploymentAssociations(BeanDescriptorManager.java:748)
	at io.ebeaninternal.server.deploy.BeanDescriptorManager.deploy(BeanDescriptorManager.java:362)
	at io.ebeaninternal.server.core.InternalConfiguration.<init>(InternalConfiguration.java:154)
	at io.ebeaninternal.server.core.DefaultContainer.createServer(DefaultContainer.java:142)
	at io.ebeaninternal.server.core.DefaultContainer.createServer(DefaultContainer.java:91)
	at io.ebeaninternal.server.core.DefaultContainer.createServer(DefaultContainer.java:46)
	at io.ebean.EbeanServerFactory.create(EbeanServerFactory.java:54)
	at io.ebean.Ebean$ServerManager.getWithCreate(Ebean.java:195)
	at io.ebean.Ebean$ServerManager.<init>(Ebean.java:153)
	at io.ebean.Ebean$ServerManager.<init>(Ebean.java:126)
	at io.ebean.Ebean.<clinit>(Ebean.java:120)
	at com.zamek.wob.domain.DbTest.dbTest(DbTest.java:31)
	at sun.reflect.NativeMethodAccessorImpl.invoke0(Native Method)
	at sun.reflect.NativeMethodAccessorImpl.invoke(NativeMethodAccessorImpl.java:62)
	at sun.reflect.DelegatingMethodAccessorImpl.invoke(DelegatingMethodAccessorImpl.java:43)
	at java.lang.reflect.Method.invoke(Method.java:498)
	at org.junit.runners.model.FrameworkMethod$1.runReflectiveCall(FrameworkMethod.java:50)
	at org.junit.internal.runners.model.ReflectiveCallable.run(ReflectiveCallable.java:12)
	at org.junit.runners.model.FrameworkMethod.invokeExplosively(FrameworkMethod.java:47)
	at org.junit.internal.runners.statements.InvokeMethod.evaluate(InvokeMethod.java:17)
	at org.junit.runners.ParentRunner.runLeaf(ParentRunner.java:325)
	at org.junit.runners.BlockJUnit4ClassRunner.runChild(BlockJUnit4ClassRunner.java:78)
	at org.junit.runners.BlockJUnit4ClassRunner.runChild(BlockJUnit4ClassRunner.java:57)
	at org.junit.runners.ParentRunner$3.run(ParentRunner.java:290)
	at org.junit.runners.ParentRunner$1.schedule(ParentRunner.java:71)
	at org.junit.runners.ParentRunner.runChildren(ParentRunner.java:288)
	at org.junit.runners.ParentRunner.access$000(ParentRunner.java:58)
	at org.junit.runners.ParentRunner$2.evaluate(ParentRunner.java:268)
	at org.junit.runners.ParentRunner.run(ParentRunner.java:363)
	at org.eclipse.jdt.internal.junit4.runner.JUnit4TestReference.run(JUnit4TestReference.java:86)
	at org.eclipse.jdt.internal.junit.runner.TestExecution.run(TestExecution.java:38)
	at org.eclipse.jdt.internal.junit.runner.RemoteTestRunner.runTests(RemoteTestRunner.java:538)
	at org.eclipse.jdt.internal.junit.runner.RemoteTestRunner.runTests(RemoteTestRunner.java:760)
	at org.eclipse.jdt.internal.junit.runner.RemoteTestRunner.run(RemoteTestRunner.java:460)
	at org.eclipse.jdt.internal.junit.runner.RemoteTestRunner.main(RemoteTestRunner.java:206)
16:20:52.698 [main] ERROR io.ebean.Ebean - Error trying to create the default EbeanServer
java.lang.IllegalStateException: Bean class com.zamek.wob.domain.order.Order is not enhanced?
	at io.ebeaninternal.server.deploy.BeanDescriptorManager.setEntityBeanClass(BeanDescriptorManager.java:1521)
	at io.ebeaninternal.server.deploy.BeanDescriptorManager.createByteCode(BeanDescriptorManager.java:1391)
	at io.ebeaninternal.server.deploy.BeanDescriptorManager.readDeployAssociations(BeanDescriptorManager.java:1313)
	at io.ebeaninternal.server.deploy.BeanDescriptorManager.readEntityDeploymentAssociations(BeanDescriptorManager.java:748)
	at io.ebeaninternal.server.deploy.BeanDescriptorManager.deploy(BeanDescriptorManager.java:362)
	at io.ebeaninternal.server.core.InternalConfiguration.<init>(InternalConfiguration.java:154)
	at io.ebeaninternal.server.core.DefaultContainer.createServer(DefaultContainer.java:142)
	at io.ebeaninternal.server.core.DefaultContainer.createServer(DefaultContainer.java:91)
	at io.ebeaninternal.server.core.DefaultContainer.createServer(DefaultContainer.java:46)
	at io.ebean.EbeanServerFactory.create(EbeanServerFactory.java:54)
	at io.ebean.Ebean$ServerManager.getWithCreate(Ebean.java:195)
	at io.ebean.Ebean$ServerManager.<init>(Ebean.java:153)
	at io.ebean.Ebean$ServerManager.<init>(Ebean.java:126)
	at io.ebean.Ebean.<clinit>(Ebean.java:120)
	at com.zamek.wob.domain.DbTest.dbTest(DbTest.java:31)
	at sun.reflect.NativeMethodAccessorImpl.invoke0(Native Method)
	at sun.reflect.NativeMethodAccessorImpl.invoke(NativeMethodAccessorImpl.java:62)
	at sun.reflect.DelegatingMethodAccessorImpl.invoke(DelegatingMethodAccessorImpl.java:43)
	at java.lang.reflect.Method.invoke(Method.java:498)
	at org.junit.runners.model.FrameworkMethod$1.runReflectiveCall(FrameworkMethod.java:50)
	at org.junit.internal.runners.model.ReflectiveCallable.run(ReflectiveCallable.java:12)
	at org.junit.runners.model.FrameworkMethod.invokeExplosively(FrameworkMethod.java:47)
	at org.junit.internal.runners.statements.InvokeMethod.evaluate(InvokeMethod.java:17)
	at org.junit.runners.ParentRunner.runLeaf(ParentRunner.java:325)
	at org.junit.runners.BlockJUnit4ClassRunner.runChild(BlockJUnit4ClassRunner.java:78)
	at org.junit.runners.BlockJUnit4ClassRunner.runChild(BlockJUnit4ClassRunner.java:57)
	at org.junit.runners.ParentRunner$3.run(ParentRunner.java:290)
	at org.junit.runners.ParentRunner$1.schedule(ParentRunner.java:71)
	at org.junit.runners.ParentRunner.runChildren(ParentRunner.java:288)
	at org.junit.runners.ParentRunner.access$000(ParentRunner.java:58)
	at org.junit.runners.ParentRunner$2.evaluate(ParentRunner.java:268)
	at org.junit.runners.ParentRunner.run(ParentRunner.java:363)
	at org.eclipse.jdt.internal.junit4.runner.JUnit4TestReference.run(JUnit4TestReference.java:86)
	at org.eclipse.jdt.internal.junit.runner.TestExecution.run(TestExecution.java:38)
	at org.eclipse.jdt.internal.junit.runner.RemoteTestRunner.runTests(RemoteTestRunner.java:538)
	at org.eclipse.jdt.internal.junit.runner.RemoteTestRunner.runTests(RemoteTestRunner.java:760)
	at org.eclipse.jdt.internal.junit.runner.RemoteTestRunner.run(RemoteTestRunner.java:460)
	at org.eclipse.jdt.internal.junit.runner.RemoteTestRunner.main(RemoteTestRunner.java:206)
16:24:33.290 [main] INFO  io.ebean.internal.DefaultContainer - DatabasePlatform name:db platform:h2
16:24:33.449 [main] ERROR i.e.s.deploy.BeanDescriptorManager - Error in deployment
java.lang.IllegalStateException: Bean class com.zamek.wob.domain.order.Order is not enhanced?
	at io.ebeaninternal.server.deploy.BeanDescriptorManager.setEntityBeanClass(BeanDescriptorManager.java:1521)
	at io.ebeaninternal.server.deploy.BeanDescriptorManager.createByteCode(BeanDescriptorManager.java:1391)
	at io.ebeaninternal.server.deploy.BeanDescriptorManager.readDeployAssociations(BeanDescriptorManager.java:1313)
	at io.ebeaninternal.server.deploy.BeanDescriptorManager.readEntityDeploymentAssociations(BeanDescriptorManager.java:748)
	at io.ebeaninternal.server.deploy.BeanDescriptorManager.deploy(BeanDescriptorManager.java:362)
	at io.ebeaninternal.server.core.InternalConfiguration.<init>(InternalConfiguration.java:154)
	at io.ebeaninternal.server.core.DefaultContainer.createServer(DefaultContainer.java:142)
	at io.ebeaninternal.server.core.DefaultContainer.createServer(DefaultContainer.java:91)
	at io.ebeaninternal.server.core.DefaultContainer.createServer(DefaultContainer.java:46)
	at io.ebean.EbeanServerFactory.create(EbeanServerFactory.java:54)
	at io.ebean.Ebean$ServerManager.getWithCreate(Ebean.java:195)
	at io.ebean.Ebean$ServerManager.<init>(Ebean.java:153)
	at io.ebean.Ebean$ServerManager.<init>(Ebean.java:126)
	at io.ebean.Ebean.<clinit>(Ebean.java:120)
	at com.zamek.wob.domain.DbTest.dbTest(DbTest.java:31)
	at sun.reflect.NativeMethodAccessorImpl.invoke0(Native Method)
	at sun.reflect.NativeMethodAccessorImpl.invoke(NativeMethodAccessorImpl.java:62)
	at sun.reflect.DelegatingMethodAccessorImpl.invoke(DelegatingMethodAccessorImpl.java:43)
	at java.lang.reflect.Method.invoke(Method.java:498)
	at org.junit.runners.model.FrameworkMethod$1.runReflectiveCall(FrameworkMethod.java:50)
	at org.junit.internal.runners.model.ReflectiveCallable.run(ReflectiveCallable.java:12)
	at org.junit.runners.model.FrameworkMethod.invokeExplosively(FrameworkMethod.java:47)
	at org.junit.internal.runners.statements.InvokeMethod.evaluate(InvokeMethod.java:17)
	at org.junit.runners.ParentRunner.runLeaf(ParentRunner.java:325)
	at org.junit.runners.BlockJUnit4ClassRunner.runChild(BlockJUnit4ClassRunner.java:78)
	at org.junit.runners.BlockJUnit4ClassRunner.runChild(BlockJUnit4ClassRunner.java:57)
	at org.junit.runners.ParentRunner$3.run(ParentRunner.java:290)
	at org.junit.runners.ParentRunner$1.schedule(ParentRunner.java:71)
	at org.junit.runners.ParentRunner.runChildren(ParentRunner.java:288)
	at org.junit.runners.ParentRunner.access$000(ParentRunner.java:58)
	at org.junit.runners.ParentRunner$2.evaluate(ParentRunner.java:268)
	at org.junit.runners.ParentRunner.run(ParentRunner.java:363)
	at org.eclipse.jdt.internal.junit4.runner.JUnit4TestReference.run(JUnit4TestReference.java:86)
	at org.eclipse.jdt.internal.junit.runner.TestExecution.run(TestExecution.java:38)
	at org.eclipse.jdt.internal.junit.runner.RemoteTestRunner.runTests(RemoteTestRunner.java:538)
	at org.eclipse.jdt.internal.junit.runner.RemoteTestRunner.runTests(RemoteTestRunner.java:760)
	at org.eclipse.jdt.internal.junit.runner.RemoteTestRunner.run(RemoteTestRunner.java:460)
	at org.eclipse.jdt.internal.junit.runner.RemoteTestRunner.main(RemoteTestRunner.java:206)
16:24:33.450 [main] ERROR io.ebean.Ebean - Error trying to create the default EbeanServer
java.lang.IllegalStateException: Bean class com.zamek.wob.domain.order.Order is not enhanced?
	at io.ebeaninternal.server.deploy.BeanDescriptorManager.setEntityBeanClass(BeanDescriptorManager.java:1521)
	at io.ebeaninternal.server.deploy.BeanDescriptorManager.createByteCode(BeanDescriptorManager.java:1391)
	at io.ebeaninternal.server.deploy.BeanDescriptorManager.readDeployAssociations(BeanDescriptorManager.java:1313)
	at io.ebeaninternal.server.deploy.BeanDescriptorManager.readEntityDeploymentAssociations(BeanDescriptorManager.java:748)
	at io.ebeaninternal.server.deploy.BeanDescriptorManager.deploy(BeanDescriptorManager.java:362)
	at io.ebeaninternal.server.core.InternalConfiguration.<init>(InternalConfiguration.java:154)
	at io.ebeaninternal.server.core.DefaultContainer.createServer(DefaultContainer.java:142)
	at io.ebeaninternal.server.core.DefaultContainer.createServer(DefaultContainer.java:91)
	at io.ebeaninternal.server.core.DefaultContainer.createServer(DefaultContainer.java:46)
	at io.ebean.EbeanServerFactory.create(EbeanServerFactory.java:54)
	at io.ebean.Ebean$ServerManager.getWithCreate(Ebean.java:195)
	at io.ebean.Ebean$ServerManager.<init>(Ebean.java:153)
	at io.ebean.Ebean$ServerManager.<init>(Ebean.java:126)
	at io.ebean.Ebean.<clinit>(Ebean.java:120)
	at com.zamek.wob.domain.DbTest.dbTest(DbTest.java:31)
	at sun.reflect.NativeMethodAccessorImpl.invoke0(Native Method)
	at sun.reflect.NativeMethodAccessorImpl.invoke(NativeMethodAccessorImpl.java:62)
	at sun.reflect.DelegatingMethodAccessorImpl.invoke(DelegatingMethodAccessorImpl.java:43)
	at java.lang.reflect.Method.invoke(Method.java:498)
	at org.junit.runners.model.FrameworkMethod$1.runReflectiveCall(FrameworkMethod.java:50)
	at org.junit.internal.runners.model.ReflectiveCallable.run(ReflectiveCallable.java:12)
	at org.junit.runners.model.FrameworkMethod.invokeExplosively(FrameworkMethod.java:47)
	at org.junit.internal.runners.statements.InvokeMethod.evaluate(InvokeMethod.java:17)
	at org.junit.runners.ParentRunner.runLeaf(ParentRunner.java:325)
	at org.junit.runners.BlockJUnit4ClassRunner.runChild(BlockJUnit4ClassRunner.java:78)
	at org.junit.runners.BlockJUnit4ClassRunner.runChild(BlockJUnit4ClassRunner.java:57)
	at org.junit.runners.ParentRunner$3.run(ParentRunner.java:290)
	at org.junit.runners.ParentRunner$1.schedule(ParentRunner.java:71)
	at org.junit.runners.ParentRunner.runChildren(ParentRunner.java:288)
	at org.junit.runners.ParentRunner.access$000(ParentRunner.java:58)
	at org.junit.runners.ParentRunner$2.evaluate(ParentRunner.java:268)
	at org.junit.runners.ParentRunner.run(ParentRunner.java:363)
	at org.eclipse.jdt.internal.junit4.runner.JUnit4TestReference.run(JUnit4TestReference.java:86)
	at org.eclipse.jdt.internal.junit.runner.TestExecution.run(TestExecution.java:38)
	at org.eclipse.jdt.internal.junit.runner.RemoteTestRunner.runTests(RemoteTestRunner.java:538)
	at org.eclipse.jdt.internal.junit.runner.RemoteTestRunner.runTests(RemoteTestRunner.java:760)
	at org.eclipse.jdt.internal.junit.runner.RemoteTestRunner.run(RemoteTestRunner.java:460)
	at org.eclipse.jdt.internal.junit.runner.RemoteTestRunner.main(RemoteTestRunner.java:206)
16:24:57.088 [main] INFO  io.ebean.internal.DefaultContainer - DatabasePlatform name:db platform:h2
16:24:57.256 [main] ERROR i.e.s.deploy.BeanDescriptorManager - Error in deployment
java.lang.IllegalStateException: Bean class com.zamek.wob.domain.order.Order is not enhanced?
	at io.ebeaninternal.server.deploy.BeanDescriptorManager.setEntityBeanClass(BeanDescriptorManager.java:1521)
	at io.ebeaninternal.server.deploy.BeanDescriptorManager.createByteCode(BeanDescriptorManager.java:1391)
	at io.ebeaninternal.server.deploy.BeanDescriptorManager.readDeployAssociations(BeanDescriptorManager.java:1313)
	at io.ebeaninternal.server.deploy.BeanDescriptorManager.readEntityDeploymentAssociations(BeanDescriptorManager.java:748)
	at io.ebeaninternal.server.deploy.BeanDescriptorManager.deploy(BeanDescriptorManager.java:362)
	at io.ebeaninternal.server.core.InternalConfiguration.<init>(InternalConfiguration.java:154)
	at io.ebeaninternal.server.core.DefaultContainer.createServer(DefaultContainer.java:142)
	at io.ebeaninternal.server.core.DefaultContainer.createServer(DefaultContainer.java:91)
	at io.ebeaninternal.server.core.DefaultContainer.createServer(DefaultContainer.java:46)
	at io.ebean.EbeanServerFactory.create(EbeanServerFactory.java:54)
	at io.ebean.Ebean$ServerManager.getWithCreate(Ebean.java:195)
	at io.ebean.Ebean$ServerManager.<init>(Ebean.java:153)
	at io.ebean.Ebean$ServerManager.<init>(Ebean.java:126)
	at io.ebean.Ebean.<clinit>(Ebean.java:120)
	at com.zamek.wob.domain.DbTest.dbTest(DbTest.java:31)
	at sun.reflect.NativeMethodAccessorImpl.invoke0(Native Method)
	at sun.reflect.NativeMethodAccessorImpl.invoke(NativeMethodAccessorImpl.java:62)
	at sun.reflect.DelegatingMethodAccessorImpl.invoke(DelegatingMethodAccessorImpl.java:43)
	at java.lang.reflect.Method.invoke(Method.java:498)
	at org.junit.runners.model.FrameworkMethod$1.runReflectiveCall(FrameworkMethod.java:50)
	at org.junit.internal.runners.model.ReflectiveCallable.run(ReflectiveCallable.java:12)
	at org.junit.runners.model.FrameworkMethod.invokeExplosively(FrameworkMethod.java:47)
	at org.junit.internal.runners.statements.InvokeMethod.evaluate(InvokeMethod.java:17)
	at org.junit.runners.ParentRunner.runLeaf(ParentRunner.java:325)
	at org.junit.runners.BlockJUnit4ClassRunner.runChild(BlockJUnit4ClassRunner.java:78)
	at org.junit.runners.BlockJUnit4ClassRunner.runChild(BlockJUnit4ClassRunner.java:57)
	at org.junit.runners.ParentRunner$3.run(ParentRunner.java:290)
	at org.junit.runners.ParentRunner$1.schedule(ParentRunner.java:71)
	at org.junit.runners.ParentRunner.runChildren(ParentRunner.java:288)
	at org.junit.runners.ParentRunner.access$000(ParentRunner.java:58)
	at org.junit.runners.ParentRunner$2.evaluate(ParentRunner.java:268)
	at org.junit.runners.ParentRunner.run(ParentRunner.java:363)
	at org.eclipse.jdt.internal.junit4.runner.JUnit4TestReference.run(JUnit4TestReference.java:86)
	at org.eclipse.jdt.internal.junit.runner.TestExecution.run(TestExecution.java:38)
	at org.eclipse.jdt.internal.junit.runner.RemoteTestRunner.runTests(RemoteTestRunner.java:538)
	at org.eclipse.jdt.internal.junit.runner.RemoteTestRunner.runTests(RemoteTestRunner.java:760)
	at org.eclipse.jdt.internal.junit.runner.RemoteTestRunner.run(RemoteTestRunner.java:460)
	at org.eclipse.jdt.internal.junit.runner.RemoteTestRunner.main(RemoteTestRunner.java:206)
16:24:57.257 [main] ERROR io.ebean.Ebean - Error trying to create the default EbeanServer
java.lang.IllegalStateException: Bean class com.zamek.wob.domain.order.Order is not enhanced?
	at io.ebeaninternal.server.deploy.BeanDescriptorManager.setEntityBeanClass(BeanDescriptorManager.java:1521)
	at io.ebeaninternal.server.deploy.BeanDescriptorManager.createByteCode(BeanDescriptorManager.java:1391)
	at io.ebeaninternal.server.deploy.BeanDescriptorManager.readDeployAssociations(BeanDescriptorManager.java:1313)
	at io.ebeaninternal.server.deploy.BeanDescriptorManager.readEntityDeploymentAssociations(BeanDescriptorManager.java:748)
	at io.ebeaninternal.server.deploy.BeanDescriptorManager.deploy(BeanDescriptorManager.java:362)
	at io.ebeaninternal.server.core.InternalConfiguration.<init>(InternalConfiguration.java:154)
	at io.ebeaninternal.server.core.DefaultContainer.createServer(DefaultContainer.java:142)
	at io.ebeaninternal.server.core.DefaultContainer.createServer(DefaultContainer.java:91)
	at io.ebeaninternal.server.core.DefaultContainer.createServer(DefaultContainer.java:46)
	at io.ebean.EbeanServerFactory.create(EbeanServerFactory.java:54)
	at io.ebean.Ebean$ServerManager.getWithCreate(Ebean.java:195)
	at io.ebean.Ebean$ServerManager.<init>(Ebean.java:153)
	at io.ebean.Ebean$ServerManager.<init>(Ebean.java:126)
	at io.ebean.Ebean.<clinit>(Ebean.java:120)
	at com.zamek.wob.domain.DbTest.dbTest(DbTest.java:31)
	at sun.reflect.NativeMethodAccessorImpl.invoke0(Native Method)
	at sun.reflect.NativeMethodAccessorImpl.invoke(NativeMethodAccessorImpl.java:62)
	at sun.reflect.DelegatingMethodAccessorImpl.invoke(DelegatingMethodAccessorImpl.java:43)
	at java.lang.reflect.Method.invoke(Method.java:498)
	at org.junit.runners.model.FrameworkMethod$1.runReflectiveCall(FrameworkMethod.java:50)
	at org.junit.internal.runners.model.ReflectiveCallable.run(ReflectiveCallable.java:12)
	at org.junit.runners.model.FrameworkMethod.invokeExplosively(FrameworkMethod.java:47)
	at org.junit.internal.runners.statements.InvokeMethod.evaluate(InvokeMethod.java:17)
	at org.junit.runners.ParentRunner.runLeaf(ParentRunner.java:325)
	at org.junit.runners.BlockJUnit4ClassRunner.runChild(BlockJUnit4ClassRunner.java:78)
	at org.junit.runners.BlockJUnit4ClassRunner.runChild(BlockJUnit4ClassRunner.java:57)
	at org.junit.runners.ParentRunner$3.run(ParentRunner.java:290)
	at org.junit.runners.ParentRunner$1.schedule(ParentRunner.java:71)
	at org.junit.runners.ParentRunner.runChildren(ParentRunner.java:288)
	at org.junit.runners.ParentRunner.access$000(ParentRunner.java:58)
	at org.junit.runners.ParentRunner$2.evaluate(ParentRunner.java:268)
	at org.junit.runners.ParentRunner.run(ParentRunner.java:363)
	at org.eclipse.jdt.internal.junit4.runner.JUnit4TestReference.run(JUnit4TestReference.java:86)
	at org.eclipse.jdt.internal.junit.runner.TestExecution.run(TestExecution.java:38)
	at org.eclipse.jdt.internal.junit.runner.RemoteTestRunner.runTests(RemoteTestRunner.java:538)
	at org.eclipse.jdt.internal.junit.runner.RemoteTestRunner.runTests(RemoteTestRunner.java:760)
	at org.eclipse.jdt.internal.junit.runner.RemoteTestRunner.run(RemoteTestRunner.java:460)
	at org.eclipse.jdt.internal.junit.runner.RemoteTestRunner.main(RemoteTestRunner.java:206)
16:26:37.110 [main] INFO  io.ebean.internal.DefaultContainer - DatabasePlatform name:db platform:h2
16:26:37.284 [main] ERROR i.e.s.deploy.BeanDescriptorManager - Error in deployment
java.lang.IllegalStateException: Bean class com.zamek.wob.domain.order.Order is not enhanced?
	at io.ebeaninternal.server.deploy.BeanDescriptorManager.setEntityBeanClass(BeanDescriptorManager.java:1521)
	at io.ebeaninternal.server.deploy.BeanDescriptorManager.createByteCode(BeanDescriptorManager.java:1391)
	at io.ebeaninternal.server.deploy.BeanDescriptorManager.readDeployAssociations(BeanDescriptorManager.java:1313)
	at io.ebeaninternal.server.deploy.BeanDescriptorManager.readEntityDeploymentAssociations(BeanDescriptorManager.java:748)
	at io.ebeaninternal.server.deploy.BeanDescriptorManager.deploy(BeanDescriptorManager.java:362)
	at io.ebeaninternal.server.core.InternalConfiguration.<init>(InternalConfiguration.java:154)
	at io.ebeaninternal.server.core.DefaultContainer.createServer(DefaultContainer.java:142)
	at io.ebeaninternal.server.core.DefaultContainer.createServer(DefaultContainer.java:91)
	at io.ebeaninternal.server.core.DefaultContainer.createServer(DefaultContainer.java:46)
	at io.ebean.EbeanServerFactory.create(EbeanServerFactory.java:54)
	at io.ebean.Ebean$ServerManager.getWithCreate(Ebean.java:195)
	at io.ebean.Ebean$ServerManager.<init>(Ebean.java:153)
	at io.ebean.Ebean$ServerManager.<init>(Ebean.java:126)
	at io.ebean.Ebean.<clinit>(Ebean.java:120)
	at com.zamek.wob.domain.DbTest.dbTest(DbTest.java:31)
	at sun.reflect.NativeMethodAccessorImpl.invoke0(Native Method)
	at sun.reflect.NativeMethodAccessorImpl.invoke(NativeMethodAccessorImpl.java:62)
	at sun.reflect.DelegatingMethodAccessorImpl.invoke(DelegatingMethodAccessorImpl.java:43)
	at java.lang.reflect.Method.invoke(Method.java:498)
	at org.junit.runners.model.FrameworkMethod$1.runReflectiveCall(FrameworkMethod.java:50)
	at org.junit.internal.runners.model.ReflectiveCallable.run(ReflectiveCallable.java:12)
	at org.junit.runners.model.FrameworkMethod.invokeExplosively(FrameworkMethod.java:47)
	at org.junit.internal.runners.statements.InvokeMethod.evaluate(InvokeMethod.java:17)
	at org.junit.runners.ParentRunner.runLeaf(ParentRunner.java:325)
	at org.junit.runners.BlockJUnit4ClassRunner.runChild(BlockJUnit4ClassRunner.java:78)
	at org.junit.runners.BlockJUnit4ClassRunner.runChild(BlockJUnit4ClassRunner.java:57)
	at org.junit.runners.ParentRunner$3.run(ParentRunner.java:290)
	at org.junit.runners.ParentRunner$1.schedule(ParentRunner.java:71)
	at org.junit.runners.ParentRunner.runChildren(ParentRunner.java:288)
	at org.junit.runners.ParentRunner.access$000(ParentRunner.java:58)
	at org.junit.runners.ParentRunner$2.evaluate(ParentRunner.java:268)
	at org.junit.runners.ParentRunner.run(ParentRunner.java:363)
	at org.eclipse.jdt.internal.junit4.runner.JUnit4TestReference.run(JUnit4TestReference.java:86)
	at org.eclipse.jdt.internal.junit.runner.TestExecution.run(TestExecution.java:38)
	at org.eclipse.jdt.internal.junit.runner.RemoteTestRunner.runTests(RemoteTestRunner.java:538)
	at org.eclipse.jdt.internal.junit.runner.RemoteTestRunner.runTests(RemoteTestRunner.java:760)
	at org.eclipse.jdt.internal.junit.runner.RemoteTestRunner.run(RemoteTestRunner.java:460)
	at org.eclipse.jdt.internal.junit.runner.RemoteTestRunner.main(RemoteTestRunner.java:206)
16:26:37.287 [main] ERROR io.ebean.Ebean - Error trying to create the default EbeanServer
java.lang.IllegalStateException: Bean class com.zamek.wob.domain.order.Order is not enhanced?
	at io.ebeaninternal.server.deploy.BeanDescriptorManager.setEntityBeanClass(BeanDescriptorManager.java:1521)
	at io.ebeaninternal.server.deploy.BeanDescriptorManager.createByteCode(BeanDescriptorManager.java:1391)
	at io.ebeaninternal.server.deploy.BeanDescriptorManager.readDeployAssociations(BeanDescriptorManager.java:1313)
	at io.ebeaninternal.server.deploy.BeanDescriptorManager.readEntityDeploymentAssociations(BeanDescriptorManager.java:748)
	at io.ebeaninternal.server.deploy.BeanDescriptorManager.deploy(BeanDescriptorManager.java:362)
	at io.ebeaninternal.server.core.InternalConfiguration.<init>(InternalConfiguration.java:154)
	at io.ebeaninternal.server.core.DefaultContainer.createServer(DefaultContainer.java:142)
	at io.ebeaninternal.server.core.DefaultContainer.createServer(DefaultContainer.java:91)
	at io.ebeaninternal.server.core.DefaultContainer.createServer(DefaultContainer.java:46)
	at io.ebean.EbeanServerFactory.create(EbeanServerFactory.java:54)
	at io.ebean.Ebean$ServerManager.getWithCreate(Ebean.java:195)
	at io.ebean.Ebean$ServerManager.<init>(Ebean.java:153)
	at io.ebean.Ebean$ServerManager.<init>(Ebean.java:126)
	at io.ebean.Ebean.<clinit>(Ebean.java:120)
	at com.zamek.wob.domain.DbTest.dbTest(DbTest.java:31)
	at sun.reflect.NativeMethodAccessorImpl.invoke0(Native Method)
	at sun.reflect.NativeMethodAccessorImpl.invoke(NativeMethodAccessorImpl.java:62)
	at sun.reflect.DelegatingMethodAccessorImpl.invoke(DelegatingMethodAccessorImpl.java:43)
	at java.lang.reflect.Method.invoke(Method.java:498)
	at org.junit.runners.model.FrameworkMethod$1.runReflectiveCall(FrameworkMethod.java:50)
	at org.junit.internal.runners.model.ReflectiveCallable.run(ReflectiveCallable.java:12)
	at org.junit.runners.model.FrameworkMethod.invokeExplosively(FrameworkMethod.java:47)
	at org.junit.internal.runners.statements.InvokeMethod.evaluate(InvokeMethod.java:17)
	at org.junit.runners.ParentRunner.runLeaf(ParentRunner.java:325)
	at org.junit.runners.BlockJUnit4ClassRunner.runChild(BlockJUnit4ClassRunner.java:78)
	at org.junit.runners.BlockJUnit4ClassRunner.runChild(BlockJUnit4ClassRunner.java:57)
	at org.junit.runners.ParentRunner$3.run(ParentRunner.java:290)
	at org.junit.runners.ParentRunner$1.schedule(ParentRunner.java:71)
	at org.junit.runners.ParentRunner.runChildren(ParentRunner.java:288)
	at org.junit.runners.ParentRunner.access$000(ParentRunner.java:58)
	at org.junit.runners.ParentRunner$2.evaluate(ParentRunner.java:268)
	at org.junit.runners.ParentRunner.run(ParentRunner.java:363)
	at org.eclipse.jdt.internal.junit4.runner.JUnit4TestReference.run(JUnit4TestReference.java:86)
	at org.eclipse.jdt.internal.junit.runner.TestExecution.run(TestExecution.java:38)
	at org.eclipse.jdt.internal.junit.runner.RemoteTestRunner.runTests(RemoteTestRunner.java:538)
	at org.eclipse.jdt.internal.junit.runner.RemoteTestRunner.runTests(RemoteTestRunner.java:760)
	at org.eclipse.jdt.internal.junit.runner.RemoteTestRunner.run(RemoteTestRunner.java:460)
	at org.eclipse.jdt.internal.junit.runner.RemoteTestRunner.main(RemoteTestRunner.java:206)
16:30:28.396 [main] INFO  io.ebean.internal.DefaultContainer - DatabasePlatform name:db platform:h2
16:30:28.777 [main] TRACE io.ebean.TXN - txn[1001] Begin
16:30:28.778 [main] INFO  io.ebean.DDL - Executing db-create-all.sql - 1 statements
16:30:28.778 [main] DEBUG io.ebean.DDL - executing 1 of 1 create table order ( orderid                       bigint auto_increment not nul...
16:30:28.787 [main] DEBUG io.ebean.TXN - txn[1001] Rollback
16:30:28.801 [main] ERROR io.ebean.Ebean - Error trying to create the default EbeanServer
javax.persistence.PersistenceException: Failed to run script
	at io.ebeaninternal.dbmigration.DdlGenerator.runScript(DdlGenerator.java:121)
	at io.ebeaninternal.dbmigration.DdlGenerator.runCreateSql(DdlGenerator.java:141)
	at io.ebeaninternal.dbmigration.DdlGenerator.runDdl(DdlGenerator.java:90)
	at io.ebeaninternal.dbmigration.DdlGenerator.execute(DdlGenerator.java:65)
	at io.ebeaninternal.server.core.DefaultServer.executePlugins(DefaultServer.java:295)
	at io.ebeaninternal.server.core.DefaultContainer.createServer(DefaultContainer.java:149)
	at io.ebeaninternal.server.core.DefaultContainer.createServer(DefaultContainer.java:91)
	at io.ebeaninternal.server.core.DefaultContainer.createServer(DefaultContainer.java:46)
	at io.ebean.EbeanServerFactory.create(EbeanServerFactory.java:54)
	at io.ebean.Ebean$ServerManager.getWithCreate(Ebean.java:195)
	at io.ebean.Ebean$ServerManager.<init>(Ebean.java:153)
	at io.ebean.Ebean$ServerManager.<init>(Ebean.java:126)
	at io.ebean.Ebean.<clinit>(Ebean.java:120)
	at com.zamek.wob.domain.DbTest.dbTest(DbTest.java:31)
	at sun.reflect.NativeMethodAccessorImpl.invoke0(Native Method)
	at sun.reflect.NativeMethodAccessorImpl.invoke(NativeMethodAccessorImpl.java:62)
	at sun.reflect.DelegatingMethodAccessorImpl.invoke(DelegatingMethodAccessorImpl.java:43)
	at java.lang.reflect.Method.invoke(Method.java:498)
	at org.junit.runners.model.FrameworkMethod$1.runReflectiveCall(FrameworkMethod.java:50)
	at org.junit.internal.runners.model.ReflectiveCallable.run(ReflectiveCallable.java:12)
	at org.junit.runners.model.FrameworkMethod.invokeExplosively(FrameworkMethod.java:47)
	at org.junit.internal.runners.statements.InvokeMethod.evaluate(InvokeMethod.java:17)
	at org.junit.runners.ParentRunner.runLeaf(ParentRunner.java:325)
	at org.junit.runners.BlockJUnit4ClassRunner.runChild(BlockJUnit4ClassRunner.java:78)
	at org.junit.runners.BlockJUnit4ClassRunner.runChild(BlockJUnit4ClassRunner.java:57)
	at org.junit.runners.ParentRunner$3.run(ParentRunner.java:290)
	at org.junit.runners.ParentRunner$1.schedule(ParentRunner.java:71)
	at org.junit.runners.ParentRunner.runChildren(ParentRunner.java:288)
	at org.junit.runners.ParentRunner.access$000(ParentRunner.java:58)
	at org.junit.runners.ParentRunner$2.evaluate(ParentRunner.java:268)
	at org.junit.runners.ParentRunner.run(ParentRunner.java:363)
	at org.junit.runner.JUnitCore.run(JUnitCore.java:137)
	at org.junit.runner.JUnitCore.run(JUnitCore.java:115)
	at org.testng.junit.JUnit4TestRunner.start(JUnit4TestRunner.java:81)
	at org.testng.junit.JUnit4TestRunner.run(JUnit4TestRunner.java:69)
	at org.testng.TestRunner$1.run(TestRunner.java:697)
	at org.testng.TestRunner.runJUnitWorkers(TestRunner.java:1004)
	at org.testng.TestRunner.privateRunJUnit(TestRunner.java:728)
	at org.testng.TestRunner.run(TestRunner.java:629)
	at org.testng.SuiteRunner.runTest(SuiteRunner.java:366)
	at org.testng.SuiteRunner.runSequentially(SuiteRunner.java:361)
	at org.testng.SuiteRunner.privateRun(SuiteRunner.java:319)
	at org.testng.SuiteRunner.run(SuiteRunner.java:268)
	at org.testng.SuiteRunnerWorker.runSuite(SuiteRunnerWorker.java:52)
	at org.testng.SuiteRunnerWorker.run(SuiteRunnerWorker.java:86)
	at org.testng.TestNG.runSuitesSequentially(TestNG.java:1244)
	at org.testng.TestNG.runSuitesLocally(TestNG.java:1169)
	at org.testng.TestNG.run(TestNG.java:1064)
	at org.apache.maven.surefire.testng.TestNGExecutor.run(TestNGExecutor.java:115)
	at org.apache.maven.surefire.testng.TestNGDirectoryTestSuite.executeMulti(TestNGDirectoryTestSuite.java:212)
	at org.apache.maven.surefire.testng.TestNGDirectoryTestSuite.execute(TestNGDirectoryTestSuite.java:108)
	at org.apache.maven.surefire.testng.TestNGProvider.invoke(TestNGProvider.java:111)
	at org.apache.maven.surefire.booter.ForkedBooter.invokeProviderInSameClassLoader(ForkedBooter.java:203)
	at org.apache.maven.surefire.booter.ForkedBooter.runSuitesInProcess(ForkedBooter.java:155)
	at org.apache.maven.surefire.booter.ForkedBooter.main(ForkedBooter.java:103)
Caused by: java.sql.SQLException: Error executing stmt[create table order ( orderid                       bigint auto_increment not null, buyername                     varchar(50) not null, buyeremail                    varchar(50) not null, orderdate                     date not null, ordertotalvalue               float not null, address                       varchar(255) not null, postcode                      integer, constraint pk_order primary key (orderid) )] error[Syntax error in SQL statement "CREATE TABLE ORDER[*] ( ORDERID                       BIGINT AUTO_INCREMENT NOT NULL, BUYERNAME                     VARCHAR(50) NOT NULL, BUYEREMAIL                    VARCHAR(50) NOT NULL, ORDERDATE                     DATE NOT NULL, ORDERTOTALVALUE               FLOAT NOT NULL, ADDRESS                       VARCHAR(255) NOT NULL, POSTCODE                      INTEGER, CONSTRAINT PK_ORDER PRIMARY KEY (ORDERID) ) "; expected "identifier"; SQL statement:
create table order ( orderid                       bigint auto_increment not null, buyername                     varchar(50) not null, buyeremail                    varchar(50) not null, orderdate                     date not null, ordertotalvalue               float not null, address                       varchar(255) not null, postcode                      integer, constraint pk_order primary key (orderid) ) [42001-196]]
	at io.ebean.migration.ddl.DdlRunner.runStatement(DdlRunner.java:99)
	at io.ebean.migration.ddl.DdlRunner.runStatements(DdlRunner.java:60)
	at io.ebean.migration.ddl.DdlRunner.runAll(DdlRunner.java:40)
	at io.ebeaninternal.dbmigration.DdlGenerator.runScript(DdlGenerator.java:113)
	... 54 common frames omitted
Caused by: org.h2.jdbc.JdbcSQLException: Syntax error in SQL statement "CREATE TABLE ORDER[*] ( ORDERID                       BIGINT AUTO_INCREMENT NOT NULL, BUYERNAME                     VARCHAR(50) NOT NULL, BUYEREMAIL                    VARCHAR(50) NOT NULL, ORDERDATE                     DATE NOT NULL, ORDERTOTALVALUE               FLOAT NOT NULL, ADDRESS                       VARCHAR(255) NOT NULL, POSTCODE                      INTEGER, CONSTRAINT PK_ORDER PRIMARY KEY (ORDERID) ) "; expected "identifier"; SQL statement:
create table order ( orderid                       bigint auto_increment not null, buyername                     varchar(50) not null, buyeremail                    varchar(50) not null, orderdate                     date not null, ordertotalvalue               float not null, address                       varchar(255) not null, postcode                      integer, constraint pk_order primary key (orderid) ) [42001-196]
	at org.h2.message.DbException.getJdbcSQLException(DbException.java:345)
	at org.h2.message.DbException.getSyntaxError(DbException.java:205)
	at org.h2.command.Parser.readIdentifierWithSchema(Parser.java:3203)
	at org.h2.command.Parser.readIdentifierWithSchema(Parser.java:3234)
	at org.h2.command.Parser.parseCreateTable(Parser.java:6131)
	at org.h2.command.Parser.parseCreate(Parser.java:4351)
	at org.h2.command.Parser.parsePrepared(Parser.java:366)
	at org.h2.command.Parser.parse(Parser.java:321)
	at org.h2.command.Parser.parse(Parser.java:293)
	at org.h2.command.Parser.prepareCommand(Parser.java:258)
	at org.h2.engine.Session.prepareLocal(Session.java:578)
	at org.h2.engine.Session.prepareCommand(Session.java:519)
	at org.h2.jdbc.JdbcConnection.prepareCommand(JdbcConnection.java:1204)
	at org.h2.jdbc.JdbcPreparedStatement.<init>(JdbcPreparedStatement.java:73)
	at org.h2.jdbc.JdbcConnection.prepareStatement(JdbcConnection.java:288)
	at org.avaje.datasource.pool.PooledConnection.prepareStatement(PooledConnection.java:409)
	at org.avaje.datasource.pool.PooledConnection.prepareStatement(PooledConnection.java:382)
	at io.ebean.migration.ddl.DdlRunner.runStatement(DdlRunner.java:91)
	... 57 common frames omitted
16:33:26.052 [main] INFO  io.ebean.internal.DefaultContainer - DatabasePlatform name:db platform:h2
16:33:26.406 [main] TRACE io.ebean.TXN - txn[1001] Begin
16:33:26.407 [main] INFO  io.ebean.DDL - Executing db-create-all.sql - 1 statements
16:33:26.407 [main] DEBUG io.ebean.DDL - executing 1 of 1 create table order_ ( orderid                       bigint auto_increment not nu...
16:33:26.438 [main] DEBUG io.ebean.TXN - txn[1001] Commit
16:33:26.462 [main] DEBUG io.ebean.SQL - txn[1002] insert into order_ (OrderId, BuyerName, BuyerEmail, OrderDate, OrderTotalValue, Address, PostCode) values (?,?,?,?,?,?,?); --bind(1,Zaphod Beeblebrox,zaphod.beeblebrox@magrathea.ma,2013-01-05,42.0,Planet Magrathea,4242)
16:33:26.464 [main] DEBUG io.ebean.SUM - txn[1002] Inserted [Order] [1]
16:33:26.466 [main] DEBUG io.ebean.TXN - txn[1002] Commit
16:33:26.577 [main] DEBUG io.ebean.SQL - txn[1003] select t0.OrderId, t0.BuyerName, t0.BuyerEmail, t0.OrderDate, t0.OrderTotalValue, t0.Address, t0.PostCode from order_ t0 where t0.OrderId = ?  ; --bind(1, )
16:33:26.582 [main] DEBUG io.ebean.SUM - txn[1003] FindBean type[Order] origin[DrJiFD.A.A] exeMicros[25023] rows[1] bind[1, ]
16:33:26.585 [main] DEBUG io.ebean.SQL - txn[1004] select t0.OrderId, t0.BuyerName, t0.BuyerEmail, t0.OrderDate, t0.OrderTotalValue, t0.Address, t0.PostCode from order_ t0 where t0.OrderId = ?  ; --bind(2, )
16:33:26.586 [main] DEBUG io.ebean.SUM - txn[1004] FindBean type[Order] origin[DrJiFD.A.A] exeMicros[670] rows[0] bind[2, ]
16:33:26.586 [main] ERROR com.zamek.wob.csv.CSVImporter - Cannot open response file &s : /tmp/test.response 
16:33:59.082 [main] INFO  io.ebean.internal.DefaultContainer - DatabasePlatform name:db platform:h2
16:33:59.263 [main] ERROR i.e.s.deploy.BeanDescriptorManager - Error in deployment
java.lang.IllegalStateException: Bean class com.zamek.wob.domain.order.Order is not enhanced?
	at io.ebeaninternal.server.deploy.BeanDescriptorManager.setEntityBeanClass(BeanDescriptorManager.java:1521)
	at io.ebeaninternal.server.deploy.BeanDescriptorManager.createByteCode(BeanDescriptorManager.java:1391)
	at io.ebeaninternal.server.deploy.BeanDescriptorManager.readDeployAssociations(BeanDescriptorManager.java:1313)
	at io.ebeaninternal.server.deploy.BeanDescriptorManager.readEntityDeploymentAssociations(BeanDescriptorManager.java:748)
	at io.ebeaninternal.server.deploy.BeanDescriptorManager.deploy(BeanDescriptorManager.java:362)
	at io.ebeaninternal.server.core.InternalConfiguration.<init>(InternalConfiguration.java:154)
	at io.ebeaninternal.server.core.DefaultContainer.createServer(DefaultContainer.java:142)
	at io.ebeaninternal.server.core.DefaultContainer.createServer(DefaultContainer.java:91)
	at io.ebeaninternal.server.core.DefaultContainer.createServer(DefaultContainer.java:46)
	at io.ebean.EbeanServerFactory.create(EbeanServerFactory.java:54)
	at io.ebean.Ebean$ServerManager.getWithCreate(Ebean.java:195)
	at io.ebean.Ebean$ServerManager.<init>(Ebean.java:153)
	at io.ebean.Ebean$ServerManager.<init>(Ebean.java:126)
	at io.ebean.Ebean.<clinit>(Ebean.java:120)
	at com.zamek.wob.domain.DbTest.dbTest(DbTest.java:31)
	at sun.reflect.NativeMethodAccessorImpl.invoke0(Native Method)
	at sun.reflect.NativeMethodAccessorImpl.invoke(NativeMethodAccessorImpl.java:62)
	at sun.reflect.DelegatingMethodAccessorImpl.invoke(DelegatingMethodAccessorImpl.java:43)
	at java.lang.reflect.Method.invoke(Method.java:498)
	at org.junit.runners.model.FrameworkMethod$1.runReflectiveCall(FrameworkMethod.java:50)
	at org.junit.internal.runners.model.ReflectiveCallable.run(ReflectiveCallable.java:12)
	at org.junit.runners.model.FrameworkMethod.invokeExplosively(FrameworkMethod.java:47)
	at org.junit.internal.runners.statements.InvokeMethod.evaluate(InvokeMethod.java:17)
	at org.junit.runners.ParentRunner.runLeaf(ParentRunner.java:325)
	at org.junit.runners.BlockJUnit4ClassRunner.runChild(BlockJUnit4ClassRunner.java:78)
	at org.junit.runners.BlockJUnit4ClassRunner.runChild(BlockJUnit4ClassRunner.java:57)
	at org.junit.runners.ParentRunner$3.run(ParentRunner.java:290)
	at org.junit.runners.ParentRunner$1.schedule(ParentRunner.java:71)
	at org.junit.runners.ParentRunner.runChildren(ParentRunner.java:288)
	at org.junit.runners.ParentRunner.access$000(ParentRunner.java:58)
	at org.junit.runners.ParentRunner$2.evaluate(ParentRunner.java:268)
	at org.junit.runners.ParentRunner.run(ParentRunner.java:363)
	at org.eclipse.jdt.internal.junit4.runner.JUnit4TestReference.run(JUnit4TestReference.java:86)
	at org.eclipse.jdt.internal.junit.runner.TestExecution.run(TestExecution.java:38)
	at org.eclipse.jdt.internal.junit.runner.RemoteTestRunner.runTests(RemoteTestRunner.java:538)
	at org.eclipse.jdt.internal.junit.runner.RemoteTestRunner.runTests(RemoteTestRunner.java:760)
	at org.eclipse.jdt.internal.junit.runner.RemoteTestRunner.run(RemoteTestRunner.java:460)
	at org.eclipse.jdt.internal.junit.runner.RemoteTestRunner.main(RemoteTestRunner.java:206)
16:33:59.264 [main] ERROR io.ebean.Ebean - Error trying to create the default EbeanServer
java.lang.IllegalStateException: Bean class com.zamek.wob.domain.order.Order is not enhanced?
	at io.ebeaninternal.server.deploy.BeanDescriptorManager.setEntityBeanClass(BeanDescriptorManager.java:1521)
	at io.ebeaninternal.server.deploy.BeanDescriptorManager.createByteCode(BeanDescriptorManager.java:1391)
	at io.ebeaninternal.server.deploy.BeanDescriptorManager.readDeployAssociations(BeanDescriptorManager.java:1313)
	at io.ebeaninternal.server.deploy.BeanDescriptorManager.readEntityDeploymentAssociations(BeanDescriptorManager.java:748)
	at io.ebeaninternal.server.deploy.BeanDescriptorManager.deploy(BeanDescriptorManager.java:362)
	at io.ebeaninternal.server.core.InternalConfiguration.<init>(InternalConfiguration.java:154)
	at io.ebeaninternal.server.core.DefaultContainer.createServer(DefaultContainer.java:142)
	at io.ebeaninternal.server.core.DefaultContainer.createServer(DefaultContainer.java:91)
	at io.ebeaninternal.server.core.DefaultContainer.createServer(DefaultContainer.java:46)
	at io.ebean.EbeanServerFactory.create(EbeanServerFactory.java:54)
	at io.ebean.Ebean$ServerManager.getWithCreate(Ebean.java:195)
	at io.ebean.Ebean$ServerManager.<init>(Ebean.java:153)
	at io.ebean.Ebean$ServerManager.<init>(Ebean.java:126)
	at io.ebean.Ebean.<clinit>(Ebean.java:120)
	at com.zamek.wob.domain.DbTest.dbTest(DbTest.java:31)
	at sun.reflect.NativeMethodAccessorImpl.invoke0(Native Method)
	at sun.reflect.NativeMethodAccessorImpl.invoke(NativeMethodAccessorImpl.java:62)
	at sun.reflect.DelegatingMethodAccessorImpl.invoke(DelegatingMethodAccessorImpl.java:43)
	at java.lang.reflect.Method.invoke(Method.java:498)
	at org.junit.runners.model.FrameworkMethod$1.runReflectiveCall(FrameworkMethod.java:50)
	at org.junit.internal.runners.model.ReflectiveCallable.run(ReflectiveCallable.java:12)
	at org.junit.runners.model.FrameworkMethod.invokeExplosively(FrameworkMethod.java:47)
	at org.junit.internal.runners.statements.InvokeMethod.evaluate(InvokeMethod.java:17)
	at org.junit.runners.ParentRunner.runLeaf(ParentRunner.java:325)
	at org.junit.runners.BlockJUnit4ClassRunner.runChild(BlockJUnit4ClassRunner.java:78)
	at org.junit.runners.BlockJUnit4ClassRunner.runChild(BlockJUnit4ClassRunner.java:57)
	at org.junit.runners.ParentRunner$3.run(ParentRunner.java:290)
	at org.junit.runners.ParentRunner$1.schedule(ParentRunner.java:71)
	at org.junit.runners.ParentRunner.runChildren(ParentRunner.java:288)
	at org.junit.runners.ParentRunner.access$000(ParentRunner.java:58)
	at org.junit.runners.ParentRunner$2.evaluate(ParentRunner.java:268)
	at org.junit.runners.ParentRunner.run(ParentRunner.java:363)
	at org.eclipse.jdt.internal.junit4.runner.JUnit4TestReference.run(JUnit4TestReference.java:86)
	at org.eclipse.jdt.internal.junit.runner.TestExecution.run(TestExecution.java:38)
	at org.eclipse.jdt.internal.junit.runner.RemoteTestRunner.runTests(RemoteTestRunner.java:538)
	at org.eclipse.jdt.internal.junit.runner.RemoteTestRunner.runTests(RemoteTestRunner.java:760)
	at org.eclipse.jdt.internal.junit.runner.RemoteTestRunner.run(RemoteTestRunner.java:460)
	at org.eclipse.jdt.internal.junit.runner.RemoteTestRunner.main(RemoteTestRunner.java:206)
16:35:16.701 [main] INFO  io.ebean.internal.DefaultContainer - DatabasePlatform name:db platform:h2
16:35:16.981 [main] ERROR i.e.s.deploy.BeanDescriptorManager - Error in deployment
java.lang.IllegalStateException: Bean class com.zamek.wob.domain.order.Order is not enhanced?
	at io.ebeaninternal.server.deploy.BeanDescriptorManager.setEntityBeanClass(BeanDescriptorManager.java:1521)
	at io.ebeaninternal.server.deploy.BeanDescriptorManager.createByteCode(BeanDescriptorManager.java:1391)
	at io.ebeaninternal.server.deploy.BeanDescriptorManager.readDeployAssociations(BeanDescriptorManager.java:1313)
	at io.ebeaninternal.server.deploy.BeanDescriptorManager.readEntityDeploymentAssociations(BeanDescriptorManager.java:748)
	at io.ebeaninternal.server.deploy.BeanDescriptorManager.deploy(BeanDescriptorManager.java:362)
	at io.ebeaninternal.server.core.InternalConfiguration.<init>(InternalConfiguration.java:154)
	at io.ebeaninternal.server.core.DefaultContainer.createServer(DefaultContainer.java:142)
	at io.ebeaninternal.server.core.DefaultContainer.createServer(DefaultContainer.java:91)
	at io.ebeaninternal.server.core.DefaultContainer.createServer(DefaultContainer.java:46)
	at io.ebean.EbeanServerFactory.create(EbeanServerFactory.java:54)
	at io.ebean.Ebean$ServerManager.getWithCreate(Ebean.java:195)
	at io.ebean.Ebean$ServerManager.<init>(Ebean.java:153)
	at io.ebean.Ebean$ServerManager.<init>(Ebean.java:126)
	at io.ebean.Ebean.<clinit>(Ebean.java:120)
	at com.zamek.wob.domain.DbTest.dbTest(DbTest.java:31)
	at sun.reflect.NativeMethodAccessorImpl.invoke0(Native Method)
	at sun.reflect.NativeMethodAccessorImpl.invoke(NativeMethodAccessorImpl.java:62)
	at sun.reflect.DelegatingMethodAccessorImpl.invoke(DelegatingMethodAccessorImpl.java:43)
	at java.lang.reflect.Method.invoke(Method.java:498)
	at org.junit.runners.model.FrameworkMethod$1.runReflectiveCall(FrameworkMethod.java:50)
	at org.junit.internal.runners.model.ReflectiveCallable.run(ReflectiveCallable.java:12)
	at org.junit.runners.model.FrameworkMethod.invokeExplosively(FrameworkMethod.java:47)
	at org.junit.internal.runners.statements.InvokeMethod.evaluate(InvokeMethod.java:17)
	at org.junit.runners.ParentRunner.runLeaf(ParentRunner.java:325)
	at org.junit.runners.BlockJUnit4ClassRunner.runChild(BlockJUnit4ClassRunner.java:78)
	at org.junit.runners.BlockJUnit4ClassRunner.runChild(BlockJUnit4ClassRunner.java:57)
	at org.junit.runners.ParentRunner$3.run(ParentRunner.java:290)
	at org.junit.runners.ParentRunner$1.schedule(ParentRunner.java:71)
	at org.junit.runners.ParentRunner.runChildren(ParentRunner.java:288)
	at org.junit.runners.ParentRunner.access$000(ParentRunner.java:58)
	at org.junit.runners.ParentRunner$2.evaluate(ParentRunner.java:268)
	at org.junit.runners.ParentRunner.run(ParentRunner.java:363)
	at org.eclipse.jdt.internal.junit4.runner.JUnit4TestReference.run(JUnit4TestReference.java:86)
	at org.eclipse.jdt.internal.junit.runner.TestExecution.run(TestExecution.java:38)
	at org.eclipse.jdt.internal.junit.runner.RemoteTestRunner.runTests(RemoteTestRunner.java:538)
	at org.eclipse.jdt.internal.junit.runner.RemoteTestRunner.runTests(RemoteTestRunner.java:760)
	at org.eclipse.jdt.internal.junit.runner.RemoteTestRunner.run(RemoteTestRunner.java:460)
	at org.eclipse.jdt.internal.junit.runner.RemoteTestRunner.main(RemoteTestRunner.java:206)
16:35:16.983 [main] ERROR io.ebean.Ebean - Error trying to create the default EbeanServer
java.lang.IllegalStateException: Bean class com.zamek.wob.domain.order.Order is not enhanced?
	at io.ebeaninternal.server.deploy.BeanDescriptorManager.setEntityBeanClass(BeanDescriptorManager.java:1521)
	at io.ebeaninternal.server.deploy.BeanDescriptorManager.createByteCode(BeanDescriptorManager.java:1391)
	at io.ebeaninternal.server.deploy.BeanDescriptorManager.readDeployAssociations(BeanDescriptorManager.java:1313)
	at io.ebeaninternal.server.deploy.BeanDescriptorManager.readEntityDeploymentAssociations(BeanDescriptorManager.java:748)
	at io.ebeaninternal.server.deploy.BeanDescriptorManager.deploy(BeanDescriptorManager.java:362)
	at io.ebeaninternal.server.core.InternalConfiguration.<init>(InternalConfiguration.java:154)
	at io.ebeaninternal.server.core.DefaultContainer.createServer(DefaultContainer.java:142)
	at io.ebeaninternal.server.core.DefaultContainer.createServer(DefaultContainer.java:91)
	at io.ebeaninternal.server.core.DefaultContainer.createServer(DefaultContainer.java:46)
	at io.ebean.EbeanServerFactory.create(EbeanServerFactory.java:54)
	at io.ebean.Ebean$ServerManager.getWithCreate(Ebean.java:195)
	at io.ebean.Ebean$ServerManager.<init>(Ebean.java:153)
	at io.ebean.Ebean$ServerManager.<init>(Ebean.java:126)
	at io.ebean.Ebean.<clinit>(Ebean.java:120)
	at com.zamek.wob.domain.DbTest.dbTest(DbTest.java:31)
	at sun.reflect.NativeMethodAccessorImpl.invoke0(Native Method)
	at sun.reflect.NativeMethodAccessorImpl.invoke(NativeMethodAccessorImpl.java:62)
	at sun.reflect.DelegatingMethodAccessorImpl.invoke(DelegatingMethodAccessorImpl.java:43)
	at java.lang.reflect.Method.invoke(Method.java:498)
	at org.junit.runners.model.FrameworkMethod$1.runReflectiveCall(FrameworkMethod.java:50)
	at org.junit.internal.runners.model.ReflectiveCallable.run(ReflectiveCallable.java:12)
	at org.junit.runners.model.FrameworkMethod.invokeExplosively(FrameworkMethod.java:47)
	at org.junit.internal.runners.statements.InvokeMethod.evaluate(InvokeMethod.java:17)
	at org.junit.runners.ParentRunner.runLeaf(ParentRunner.java:325)
	at org.junit.runners.BlockJUnit4ClassRunner.runChild(BlockJUnit4ClassRunner.java:78)
	at org.junit.runners.BlockJUnit4ClassRunner.runChild(BlockJUnit4ClassRunner.java:57)
	at org.junit.runners.ParentRunner$3.run(ParentRunner.java:290)
	at org.junit.runners.ParentRunner$1.schedule(ParentRunner.java:71)
	at org.junit.runners.ParentRunner.runChildren(ParentRunner.java:288)
	at org.junit.runners.ParentRunner.access$000(ParentRunner.java:58)
	at org.junit.runners.ParentRunner$2.evaluate(ParentRunner.java:268)
	at org.junit.runners.ParentRunner.run(ParentRunner.java:363)
	at org.eclipse.jdt.internal.junit4.runner.JUnit4TestReference.run(JUnit4TestReference.java:86)
	at org.eclipse.jdt.internal.junit.runner.TestExecution.run(TestExecution.java:38)
	at org.eclipse.jdt.internal.junit.runner.RemoteTestRunner.runTests(RemoteTestRunner.java:538)
	at org.eclipse.jdt.internal.junit.runner.RemoteTestRunner.runTests(RemoteTestRunner.java:760)
	at org.eclipse.jdt.internal.junit.runner.RemoteTestRunner.run(RemoteTestRunner.java:460)
	at org.eclipse.jdt.internal.junit.runner.RemoteTestRunner.main(RemoteTestRunner.java:206)
16:37:01.659 [main] INFO  io.ebean.internal.DefaultContainer - DatabasePlatform name:db platform:h2
16:37:01.856 [main] ERROR i.e.s.deploy.BeanDescriptorManager - Error in deployment
java.lang.IllegalStateException: Bean class com.zamek.wob.domain.order.Order is not enhanced?
	at io.ebeaninternal.server.deploy.BeanDescriptorManager.setEntityBeanClass(BeanDescriptorManager.java:1521)
	at io.ebeaninternal.server.deploy.BeanDescriptorManager.createByteCode(BeanDescriptorManager.java:1391)
	at io.ebeaninternal.server.deploy.BeanDescriptorManager.readDeployAssociations(BeanDescriptorManager.java:1313)
	at io.ebeaninternal.server.deploy.BeanDescriptorManager.readEntityDeploymentAssociations(BeanDescriptorManager.java:748)
	at io.ebeaninternal.server.deploy.BeanDescriptorManager.deploy(BeanDescriptorManager.java:362)
	at io.ebeaninternal.server.core.InternalConfiguration.<init>(InternalConfiguration.java:154)
	at io.ebeaninternal.server.core.DefaultContainer.createServer(DefaultContainer.java:142)
	at io.ebeaninternal.server.core.DefaultContainer.createServer(DefaultContainer.java:91)
	at io.ebeaninternal.server.core.DefaultContainer.createServer(DefaultContainer.java:46)
	at io.ebean.EbeanServerFactory.create(EbeanServerFactory.java:54)
	at io.ebean.Ebean$ServerManager.getWithCreate(Ebean.java:195)
	at io.ebean.Ebean$ServerManager.<init>(Ebean.java:153)
	at io.ebean.Ebean$ServerManager.<init>(Ebean.java:126)
	at io.ebean.Ebean.<clinit>(Ebean.java:120)
	at com.zamek.wob.domain.DbTest.dbTest(DbTest.java:31)
	at sun.reflect.NativeMethodAccessorImpl.invoke0(Native Method)
	at sun.reflect.NativeMethodAccessorImpl.invoke(NativeMethodAccessorImpl.java:62)
	at sun.reflect.DelegatingMethodAccessorImpl.invoke(DelegatingMethodAccessorImpl.java:43)
	at java.lang.reflect.Method.invoke(Method.java:498)
	at org.junit.runners.model.FrameworkMethod$1.runReflectiveCall(FrameworkMethod.java:50)
	at org.junit.internal.runners.model.ReflectiveCallable.run(ReflectiveCallable.java:12)
	at org.junit.runners.model.FrameworkMethod.invokeExplosively(FrameworkMethod.java:47)
	at org.junit.internal.runners.statements.InvokeMethod.evaluate(InvokeMethod.java:17)
	at org.junit.runners.ParentRunner.runLeaf(ParentRunner.java:325)
	at org.junit.runners.BlockJUnit4ClassRunner.runChild(BlockJUnit4ClassRunner.java:78)
	at org.junit.runners.BlockJUnit4ClassRunner.runChild(BlockJUnit4ClassRunner.java:57)
	at org.junit.runners.ParentRunner$3.run(ParentRunner.java:290)
	at org.junit.runners.ParentRunner$1.schedule(ParentRunner.java:71)
	at org.junit.runners.ParentRunner.runChildren(ParentRunner.java:288)
	at org.junit.runners.ParentRunner.access$000(ParentRunner.java:58)
	at org.junit.runners.ParentRunner$2.evaluate(ParentRunner.java:268)
	at org.junit.runners.ParentRunner.run(ParentRunner.java:363)
	at org.eclipse.jdt.internal.junit4.runner.JUnit4TestReference.run(JUnit4TestReference.java:86)
	at org.eclipse.jdt.internal.junit.runner.TestExecution.run(TestExecution.java:38)
	at org.eclipse.jdt.internal.junit.runner.RemoteTestRunner.runTests(RemoteTestRunner.java:538)
	at org.eclipse.jdt.internal.junit.runner.RemoteTestRunner.runTests(RemoteTestRunner.java:760)
	at org.eclipse.jdt.internal.junit.runner.RemoteTestRunner.run(RemoteTestRunner.java:460)
	at org.eclipse.jdt.internal.junit.runner.RemoteTestRunner.main(RemoteTestRunner.java:206)
16:37:01.858 [main] ERROR io.ebean.Ebean - Error trying to create the default EbeanServer
java.lang.IllegalStateException: Bean class com.zamek.wob.domain.order.Order is not enhanced?
	at io.ebeaninternal.server.deploy.BeanDescriptorManager.setEntityBeanClass(BeanDescriptorManager.java:1521)
	at io.ebeaninternal.server.deploy.BeanDescriptorManager.createByteCode(BeanDescriptorManager.java:1391)
	at io.ebeaninternal.server.deploy.BeanDescriptorManager.readDeployAssociations(BeanDescriptorManager.java:1313)
	at io.ebeaninternal.server.deploy.BeanDescriptorManager.readEntityDeploymentAssociations(BeanDescriptorManager.java:748)
	at io.ebeaninternal.server.deploy.BeanDescriptorManager.deploy(BeanDescriptorManager.java:362)
	at io.ebeaninternal.server.core.InternalConfiguration.<init>(InternalConfiguration.java:154)
	at io.ebeaninternal.server.core.DefaultContainer.createServer(DefaultContainer.java:142)
	at io.ebeaninternal.server.core.DefaultContainer.createServer(DefaultContainer.java:91)
	at io.ebeaninternal.server.core.DefaultContainer.createServer(DefaultContainer.java:46)
	at io.ebean.EbeanServerFactory.create(EbeanServerFactory.java:54)
	at io.ebean.Ebean$ServerManager.getWithCreate(Ebean.java:195)
	at io.ebean.Ebean$ServerManager.<init>(Ebean.java:153)
	at io.ebean.Ebean$ServerManager.<init>(Ebean.java:126)
	at io.ebean.Ebean.<clinit>(Ebean.java:120)
	at com.zamek.wob.domain.DbTest.dbTest(DbTest.java:31)
	at sun.reflect.NativeMethodAccessorImpl.invoke0(Native Method)
	at sun.reflect.NativeMethodAccessorImpl.invoke(NativeMethodAccessorImpl.java:62)
	at sun.reflect.DelegatingMethodAccessorImpl.invoke(DelegatingMethodAccessorImpl.java:43)
	at java.lang.reflect.Method.invoke(Method.java:498)
	at org.junit.runners.model.FrameworkMethod$1.runReflectiveCall(FrameworkMethod.java:50)
	at org.junit.internal.runners.model.ReflectiveCallable.run(ReflectiveCallable.java:12)
	at org.junit.runners.model.FrameworkMethod.invokeExplosively(FrameworkMethod.java:47)
	at org.junit.internal.runners.statements.InvokeMethod.evaluate(InvokeMethod.java:17)
	at org.junit.runners.ParentRunner.runLeaf(ParentRunner.java:325)
	at org.junit.runners.BlockJUnit4ClassRunner.runChild(BlockJUnit4ClassRunner.java:78)
	at org.junit.runners.BlockJUnit4ClassRunner.runChild(BlockJUnit4ClassRunner.java:57)
	at org.junit.runners.ParentRunner$3.run(ParentRunner.java:290)
	at org.junit.runners.ParentRunner$1.schedule(ParentRunner.java:71)
	at org.junit.runners.ParentRunner.runChildren(ParentRunner.java:288)
	at org.junit.runners.ParentRunner.access$000(ParentRunner.java:58)
	at org.junit.runners.ParentRunner$2.evaluate(ParentRunner.java:268)
	at org.junit.runners.ParentRunner.run(ParentRunner.java:363)
	at org.eclipse.jdt.internal.junit4.runner.JUnit4TestReference.run(JUnit4TestReference.java:86)
	at org.eclipse.jdt.internal.junit.runner.TestExecution.run(TestExecution.java:38)
	at org.eclipse.jdt.internal.junit.runner.RemoteTestRunner.runTests(RemoteTestRunner.java:538)
	at org.eclipse.jdt.internal.junit.runner.RemoteTestRunner.runTests(RemoteTestRunner.java:760)
	at org.eclipse.jdt.internal.junit.runner.RemoteTestRunner.run(RemoteTestRunner.java:460)
	at org.eclipse.jdt.internal.junit.runner.RemoteTestRunner.main(RemoteTestRunner.java:206)
16:39:10.508 [main] INFO  io.ebean.internal.DefaultContainer - DatabasePlatform name:db platform:h2
16:39:10.672 [main] ERROR i.e.s.deploy.BeanDescriptorManager - Error in deployment
java.lang.IllegalStateException: Bean class com.zamek.wob.domain.order.Order is not enhanced?
	at io.ebeaninternal.server.deploy.BeanDescriptorManager.setEntityBeanClass(BeanDescriptorManager.java:1521)
	at io.ebeaninternal.server.deploy.BeanDescriptorManager.createByteCode(BeanDescriptorManager.java:1391)
	at io.ebeaninternal.server.deploy.BeanDescriptorManager.readDeployAssociations(BeanDescriptorManager.java:1313)
	at io.ebeaninternal.server.deploy.BeanDescriptorManager.readEntityDeploymentAssociations(BeanDescriptorManager.java:748)
	at io.ebeaninternal.server.deploy.BeanDescriptorManager.deploy(BeanDescriptorManager.java:362)
	at io.ebeaninternal.server.core.InternalConfiguration.<init>(InternalConfiguration.java:154)
	at io.ebeaninternal.server.core.DefaultContainer.createServer(DefaultContainer.java:142)
	at io.ebeaninternal.server.core.DefaultContainer.createServer(DefaultContainer.java:91)
	at io.ebeaninternal.server.core.DefaultContainer.createServer(DefaultContainer.java:46)
	at io.ebean.EbeanServerFactory.create(EbeanServerFactory.java:54)
	at io.ebean.Ebean$ServerManager.getWithCreate(Ebean.java:195)
	at io.ebean.Ebean$ServerManager.<init>(Ebean.java:153)
	at io.ebean.Ebean$ServerManager.<init>(Ebean.java:126)
	at io.ebean.Ebean.<clinit>(Ebean.java:120)
	at com.zamek.wob.domain.DbTest.dbTest(DbTest.java:31)
	at sun.reflect.NativeMethodAccessorImpl.invoke0(Native Method)
	at sun.reflect.NativeMethodAccessorImpl.invoke(NativeMethodAccessorImpl.java:62)
	at sun.reflect.DelegatingMethodAccessorImpl.invoke(DelegatingMethodAccessorImpl.java:43)
	at java.lang.reflect.Method.invoke(Method.java:498)
	at org.junit.runners.model.FrameworkMethod$1.runReflectiveCall(FrameworkMethod.java:50)
	at org.junit.internal.runners.model.ReflectiveCallable.run(ReflectiveCallable.java:12)
	at org.junit.runners.model.FrameworkMethod.invokeExplosively(FrameworkMethod.java:47)
	at org.junit.internal.runners.statements.InvokeMethod.evaluate(InvokeMethod.java:17)
	at org.junit.runners.ParentRunner.runLeaf(ParentRunner.java:325)
	at org.junit.runners.BlockJUnit4ClassRunner.runChild(BlockJUnit4ClassRunner.java:78)
	at org.junit.runners.BlockJUnit4ClassRunner.runChild(BlockJUnit4ClassRunner.java:57)
	at org.junit.runners.ParentRunner$3.run(ParentRunner.java:290)
	at org.junit.runners.ParentRunner$1.schedule(ParentRunner.java:71)
	at org.junit.runners.ParentRunner.runChildren(ParentRunner.java:288)
	at org.junit.runners.ParentRunner.access$000(ParentRunner.java:58)
	at org.junit.runners.ParentRunner$2.evaluate(ParentRunner.java:268)
	at org.junit.runners.ParentRunner.run(ParentRunner.java:363)
	at org.eclipse.jdt.internal.junit4.runner.JUnit4TestReference.run(JUnit4TestReference.java:86)
	at org.eclipse.jdt.internal.junit.runner.TestExecution.run(TestExecution.java:38)
	at org.eclipse.jdt.internal.junit.runner.RemoteTestRunner.runTests(RemoteTestRunner.java:538)
	at org.eclipse.jdt.internal.junit.runner.RemoteTestRunner.runTests(RemoteTestRunner.java:760)
	at org.eclipse.jdt.internal.junit.runner.RemoteTestRunner.run(RemoteTestRunner.java:460)
	at org.eclipse.jdt.internal.junit.runner.RemoteTestRunner.main(RemoteTestRunner.java:206)
16:39:10.673 [main] ERROR io.ebean.Ebean - Error trying to create the default EbeanServer
java.lang.IllegalStateException: Bean class com.zamek.wob.domain.order.Order is not enhanced?
	at io.ebeaninternal.server.deploy.BeanDescriptorManager.setEntityBeanClass(BeanDescriptorManager.java:1521)
	at io.ebeaninternal.server.deploy.BeanDescriptorManager.createByteCode(BeanDescriptorManager.java:1391)
	at io.ebeaninternal.server.deploy.BeanDescriptorManager.readDeployAssociations(BeanDescriptorManager.java:1313)
	at io.ebeaninternal.server.deploy.BeanDescriptorManager.readEntityDeploymentAssociations(BeanDescriptorManager.java:748)
	at io.ebeaninternal.server.deploy.BeanDescriptorManager.deploy(BeanDescriptorManager.java:362)
	at io.ebeaninternal.server.core.InternalConfiguration.<init>(InternalConfiguration.java:154)
	at io.ebeaninternal.server.core.DefaultContainer.createServer(DefaultContainer.java:142)
	at io.ebeaninternal.server.core.DefaultContainer.createServer(DefaultContainer.java:91)
	at io.ebeaninternal.server.core.DefaultContainer.createServer(DefaultContainer.java:46)
	at io.ebean.EbeanServerFactory.create(EbeanServerFactory.java:54)
	at io.ebean.Ebean$ServerManager.getWithCreate(Ebean.java:195)
	at io.ebean.Ebean$ServerManager.<init>(Ebean.java:153)
	at io.ebean.Ebean$ServerManager.<init>(Ebean.java:126)
	at io.ebean.Ebean.<clinit>(Ebean.java:120)
	at com.zamek.wob.domain.DbTest.dbTest(DbTest.java:31)
	at sun.reflect.NativeMethodAccessorImpl.invoke0(Native Method)
	at sun.reflect.NativeMethodAccessorImpl.invoke(NativeMethodAccessorImpl.java:62)
	at sun.reflect.DelegatingMethodAccessorImpl.invoke(DelegatingMethodAccessorImpl.java:43)
	at java.lang.reflect.Method.invoke(Method.java:498)
	at org.junit.runners.model.FrameworkMethod$1.runReflectiveCall(FrameworkMethod.java:50)
	at org.junit.internal.runners.model.ReflectiveCallable.run(ReflectiveCallable.java:12)
	at org.junit.runners.model.FrameworkMethod.invokeExplosively(FrameworkMethod.java:47)
	at org.junit.internal.runners.statements.InvokeMethod.evaluate(InvokeMethod.java:17)
	at org.junit.runners.ParentRunner.runLeaf(ParentRunner.java:325)
	at org.junit.runners.BlockJUnit4ClassRunner.runChild(BlockJUnit4ClassRunner.java:78)
	at org.junit.runners.BlockJUnit4ClassRunner.runChild(BlockJUnit4ClassRunner.java:57)
	at org.junit.runners.ParentRunner$3.run(ParentRunner.java:290)
	at org.junit.runners.ParentRunner$1.schedule(ParentRunner.java:71)
	at org.junit.runners.ParentRunner.runChildren(ParentRunner.java:288)
	at org.junit.runners.ParentRunner.access$000(ParentRunner.java:58)
	at org.junit.runners.ParentRunner$2.evaluate(ParentRunner.java:268)
	at org.junit.runners.ParentRunner.run(ParentRunner.java:363)
	at org.eclipse.jdt.internal.junit4.runner.JUnit4TestReference.run(JUnit4TestReference.java:86)
	at org.eclipse.jdt.internal.junit.runner.TestExecution.run(TestExecution.java:38)
	at org.eclipse.jdt.internal.junit.runner.RemoteTestRunner.runTests(RemoteTestRunner.java:538)
	at org.eclipse.jdt.internal.junit.runner.RemoteTestRunner.runTests(RemoteTestRunner.java:760)
	at org.eclipse.jdt.internal.junit.runner.RemoteTestRunner.run(RemoteTestRunner.java:460)
	at org.eclipse.jdt.internal.junit.runner.RemoteTestRunner.main(RemoteTestRunner.java:206)
16:39:29.530 [main] INFO  io.ebean.internal.DefaultContainer - DatabasePlatform name:db platform:h2
16:39:29.697 [main] ERROR i.e.s.deploy.BeanDescriptorManager - Error in deployment
java.lang.IllegalStateException: Bean class com.zamek.wob.domain.order.Order is not enhanced?
	at io.ebeaninternal.server.deploy.BeanDescriptorManager.setEntityBeanClass(BeanDescriptorManager.java:1521)
	at io.ebeaninternal.server.deploy.BeanDescriptorManager.createByteCode(BeanDescriptorManager.java:1391)
	at io.ebeaninternal.server.deploy.BeanDescriptorManager.readDeployAssociations(BeanDescriptorManager.java:1313)
	at io.ebeaninternal.server.deploy.BeanDescriptorManager.readEntityDeploymentAssociations(BeanDescriptorManager.java:748)
	at io.ebeaninternal.server.deploy.BeanDescriptorManager.deploy(BeanDescriptorManager.java:362)
	at io.ebeaninternal.server.core.InternalConfiguration.<init>(InternalConfiguration.java:154)
	at io.ebeaninternal.server.core.DefaultContainer.createServer(DefaultContainer.java:142)
	at io.ebeaninternal.server.core.DefaultContainer.createServer(DefaultContainer.java:91)
	at io.ebeaninternal.server.core.DefaultContainer.createServer(DefaultContainer.java:46)
	at io.ebean.EbeanServerFactory.create(EbeanServerFactory.java:54)
	at io.ebean.Ebean$ServerManager.getWithCreate(Ebean.java:195)
	at io.ebean.Ebean$ServerManager.<init>(Ebean.java:153)
	at io.ebean.Ebean$ServerManager.<init>(Ebean.java:126)
	at io.ebean.Ebean.<clinit>(Ebean.java:120)
	at com.zamek.wob.domain.DbTest.dbTest(DbTest.java:31)
	at sun.reflect.NativeMethodAccessorImpl.invoke0(Native Method)
	at sun.reflect.NativeMethodAccessorImpl.invoke(NativeMethodAccessorImpl.java:62)
	at sun.reflect.DelegatingMethodAccessorImpl.invoke(DelegatingMethodAccessorImpl.java:43)
	at java.lang.reflect.Method.invoke(Method.java:498)
	at org.junit.runners.model.FrameworkMethod$1.runReflectiveCall(FrameworkMethod.java:50)
	at org.junit.internal.runners.model.ReflectiveCallable.run(ReflectiveCallable.java:12)
	at org.junit.runners.model.FrameworkMethod.invokeExplosively(FrameworkMethod.java:47)
	at org.junit.internal.runners.statements.InvokeMethod.evaluate(InvokeMethod.java:17)
	at org.junit.runners.ParentRunner.runLeaf(ParentRunner.java:325)
	at org.junit.runners.BlockJUnit4ClassRunner.runChild(BlockJUnit4ClassRunner.java:78)
	at org.junit.runners.BlockJUnit4ClassRunner.runChild(BlockJUnit4ClassRunner.java:57)
	at org.junit.runners.ParentRunner$3.run(ParentRunner.java:290)
	at org.junit.runners.ParentRunner$1.schedule(ParentRunner.java:71)
	at org.junit.runners.ParentRunner.runChildren(ParentRunner.java:288)
	at org.junit.runners.ParentRunner.access$000(ParentRunner.java:58)
	at org.junit.runners.ParentRunner$2.evaluate(ParentRunner.java:268)
	at org.junit.runners.ParentRunner.run(ParentRunner.java:363)
	at org.eclipse.jdt.internal.junit4.runner.JUnit4TestReference.run(JUnit4TestReference.java:86)
	at org.eclipse.jdt.internal.junit.runner.TestExecution.run(TestExecution.java:38)
	at org.eclipse.jdt.internal.junit.runner.RemoteTestRunner.runTests(RemoteTestRunner.java:538)
	at org.eclipse.jdt.internal.junit.runner.RemoteTestRunner.runTests(RemoteTestRunner.java:760)
	at org.eclipse.jdt.internal.junit.runner.RemoteTestRunner.run(RemoteTestRunner.java:460)
	at org.eclipse.jdt.internal.junit.runner.RemoteTestRunner.main(RemoteTestRunner.java:206)
16:39:29.698 [main] ERROR io.ebean.Ebean - Error trying to create the default EbeanServer
java.lang.IllegalStateException: Bean class com.zamek.wob.domain.order.Order is not enhanced?
	at io.ebeaninternal.server.deploy.BeanDescriptorManager.setEntityBeanClass(BeanDescriptorManager.java:1521)
	at io.ebeaninternal.server.deploy.BeanDescriptorManager.createByteCode(BeanDescriptorManager.java:1391)
	at io.ebeaninternal.server.deploy.BeanDescriptorManager.readDeployAssociations(BeanDescriptorManager.java:1313)
	at io.ebeaninternal.server.deploy.BeanDescriptorManager.readEntityDeploymentAssociations(BeanDescriptorManager.java:748)
	at io.ebeaninternal.server.deploy.BeanDescriptorManager.deploy(BeanDescriptorManager.java:362)
	at io.ebeaninternal.server.core.InternalConfiguration.<init>(InternalConfiguration.java:154)
	at io.ebeaninternal.server.core.DefaultContainer.createServer(DefaultContainer.java:142)
	at io.ebeaninternal.server.core.DefaultContainer.createServer(DefaultContainer.java:91)
	at io.ebeaninternal.server.core.DefaultContainer.createServer(DefaultContainer.java:46)
	at io.ebean.EbeanServerFactory.create(EbeanServerFactory.java:54)
	at io.ebean.Ebean$ServerManager.getWithCreate(Ebean.java:195)
	at io.ebean.Ebean$ServerManager.<init>(Ebean.java:153)
	at io.ebean.Ebean$ServerManager.<init>(Ebean.java:126)
	at io.ebean.Ebean.<clinit>(Ebean.java:120)
	at com.zamek.wob.domain.DbTest.dbTest(DbTest.java:31)
	at sun.reflect.NativeMethodAccessorImpl.invoke0(Native Method)
	at sun.reflect.NativeMethodAccessorImpl.invoke(NativeMethodAccessorImpl.java:62)
	at sun.reflect.DelegatingMethodAccessorImpl.invoke(DelegatingMethodAccessorImpl.java:43)
	at java.lang.reflect.Method.invoke(Method.java:498)
	at org.junit.runners.model.FrameworkMethod$1.runReflectiveCall(FrameworkMethod.java:50)
	at org.junit.internal.runners.model.ReflectiveCallable.run(ReflectiveCallable.java:12)
	at org.junit.runners.model.FrameworkMethod.invokeExplosively(FrameworkMethod.java:47)
	at org.junit.internal.runners.statements.InvokeMethod.evaluate(InvokeMethod.java:17)
	at org.junit.runners.ParentRunner.runLeaf(ParentRunner.java:325)
	at org.junit.runners.BlockJUnit4ClassRunner.runChild(BlockJUnit4ClassRunner.java:78)
	at org.junit.runners.BlockJUnit4ClassRunner.runChild(BlockJUnit4ClassRunner.java:57)
	at org.junit.runners.ParentRunner$3.run(ParentRunner.java:290)
	at org.junit.runners.ParentRunner$1.schedule(ParentRunner.java:71)
	at org.junit.runners.ParentRunner.runChildren(ParentRunner.java:288)
	at org.junit.runners.ParentRunner.access$000(ParentRunner.java:58)
	at org.junit.runners.ParentRunner$2.evaluate(ParentRunner.java:268)
	at org.junit.runners.ParentRunner.run(ParentRunner.java:363)
	at org.eclipse.jdt.internal.junit4.runner.JUnit4TestReference.run(JUnit4TestReference.java:86)
	at org.eclipse.jdt.internal.junit.runner.TestExecution.run(TestExecution.java:38)
	at org.eclipse.jdt.internal.junit.runner.RemoteTestRunner.runTests(RemoteTestRunner.java:538)
	at org.eclipse.jdt.internal.junit.runner.RemoteTestRunner.runTests(RemoteTestRunner.java:760)
	at org.eclipse.jdt.internal.junit.runner.RemoteTestRunner.run(RemoteTestRunner.java:460)
	at org.eclipse.jdt.internal.junit.runner.RemoteTestRunner.main(RemoteTestRunner.java:206)
16:46:30.789 [main] INFO  io.ebean.internal.DefaultContainer - DatabasePlatform name:db platform:h2
16:46:31.188 [main] TRACE io.ebean.TXN - txn[1001] Begin
16:46:31.197 [main] INFO  io.ebean.DDL - Executing db-create-all.sql - 1 statements
16:46:31.197 [main] DEBUG io.ebean.DDL - executing 1 of 1 create table order_ ( orderid                       bigint auto_increment not nu...
16:46:31.230 [main] DEBUG io.ebean.TXN - txn[1001] Commit
16:46:31.259 [main] DEBUG io.ebean.SQL - txn[1002] insert into order_ (OrderId, BuyerName, BuyerEmail, OrderDate, OrderTotalValue, Address, PostCode) values (?,?,?,?,?,?,?); --bind(1,Zaphod Beeblebrox,zaphod.beeblebrox@magrathea.ma,2013-01-05,42.0,Planet Magrathea,4242)
16:46:31.262 [main] DEBUG io.ebean.SUM - txn[1002] Inserted [Order] [1]
16:46:31.263 [main] DEBUG io.ebean.TXN - txn[1002] Commit
16:46:31.455 [main] DEBUG io.ebean.SQL - txn[1003] select t0.OrderId, t0.BuyerName, t0.BuyerEmail, t0.OrderDate, t0.OrderTotalValue, t0.Address, t0.PostCode from order_ t0 where t0.OrderId = ?  ; --bind(1, )
16:46:31.465 [main] DEBUG io.ebean.SUM - txn[1003] FindBean type[Order] origin[DrJiFD.A.A] exeMicros[41678] rows[1] bind[1, ]
16:46:31.473 [main] DEBUG io.ebean.SQL - txn[1004] select t0.OrderId, t0.BuyerName, t0.BuyerEmail, t0.OrderDate, t0.OrderTotalValue, t0.Address, t0.PostCode from order_ t0 where t0.OrderId = ?  ; --bind(2, )
16:46:31.474 [main] DEBUG io.ebean.SUM - txn[1004] FindBean type[Order] origin[DrJiFD.A.A] exeMicros[1216] rows[0] bind[2, ]
16:46:31.475 [main] ERROR com.zamek.wob.csv.CSVImporter - Cannot open response file &s : /tmp/test.response 
16:53:27.844 [main] INFO  io.ebean.internal.DefaultContainer - DatabasePlatform name:db platform:h2
16:53:28.110 [main] ERROR i.e.s.deploy.BeanDescriptorManager - Error in deployment
java.lang.IllegalStateException: Bean class com.zamek.wob.domain.order.Order is not enhanced?
	at io.ebeaninternal.server.deploy.BeanDescriptorManager.setEntityBeanClass(BeanDescriptorManager.java:1521)
	at io.ebeaninternal.server.deploy.BeanDescriptorManager.createByteCode(BeanDescriptorManager.java:1391)
	at io.ebeaninternal.server.deploy.BeanDescriptorManager.readDeployAssociations(BeanDescriptorManager.java:1313)
	at io.ebeaninternal.server.deploy.BeanDescriptorManager.readEntityDeploymentAssociations(BeanDescriptorManager.java:748)
	at io.ebeaninternal.server.deploy.BeanDescriptorManager.deploy(BeanDescriptorManager.java:362)
	at io.ebeaninternal.server.core.InternalConfiguration.<init>(InternalConfiguration.java:154)
	at io.ebeaninternal.server.core.DefaultContainer.createServer(DefaultContainer.java:142)
	at io.ebeaninternal.server.core.DefaultContainer.createServer(DefaultContainer.java:91)
	at io.ebeaninternal.server.core.DefaultContainer.createServer(DefaultContainer.java:46)
	at io.ebean.EbeanServerFactory.create(EbeanServerFactory.java:54)
	at io.ebean.Ebean$ServerManager.getWithCreate(Ebean.java:195)
	at io.ebean.Ebean$ServerManager.<init>(Ebean.java:153)
	at io.ebean.Ebean$ServerManager.<init>(Ebean.java:126)
	at io.ebean.Ebean.<clinit>(Ebean.java:120)
	at com.zamek.wob.domain.DbTest.dbTest(DbTest.java:31)
	at sun.reflect.NativeMethodAccessorImpl.invoke0(Native Method)
	at sun.reflect.NativeMethodAccessorImpl.invoke(NativeMethodAccessorImpl.java:62)
	at sun.reflect.DelegatingMethodAccessorImpl.invoke(DelegatingMethodAccessorImpl.java:43)
	at java.lang.reflect.Method.invoke(Method.java:498)
	at org.junit.runners.model.FrameworkMethod$1.runReflectiveCall(FrameworkMethod.java:50)
	at org.junit.internal.runners.model.ReflectiveCallable.run(ReflectiveCallable.java:12)
	at org.junit.runners.model.FrameworkMethod.invokeExplosively(FrameworkMethod.java:47)
	at org.junit.internal.runners.statements.InvokeMethod.evaluate(InvokeMethod.java:17)
	at org.junit.runners.ParentRunner.runLeaf(ParentRunner.java:325)
	at org.junit.runners.BlockJUnit4ClassRunner.runChild(BlockJUnit4ClassRunner.java:78)
	at org.junit.runners.BlockJUnit4ClassRunner.runChild(BlockJUnit4ClassRunner.java:57)
	at org.junit.runners.ParentRunner$3.run(ParentRunner.java:290)
	at org.junit.runners.ParentRunner$1.schedule(ParentRunner.java:71)
	at org.junit.runners.ParentRunner.runChildren(ParentRunner.java:288)
	at org.junit.runners.ParentRunner.access$000(ParentRunner.java:58)
	at org.junit.runners.ParentRunner$2.evaluate(ParentRunner.java:268)
	at org.junit.runners.ParentRunner.run(ParentRunner.java:363)
	at org.eclipse.jdt.internal.junit4.runner.JUnit4TestReference.run(JUnit4TestReference.java:86)
	at org.eclipse.jdt.internal.junit.runner.TestExecution.run(TestExecution.java:38)
	at org.eclipse.jdt.internal.junit.runner.RemoteTestRunner.runTests(RemoteTestRunner.java:538)
	at org.eclipse.jdt.internal.junit.runner.RemoteTestRunner.runTests(RemoteTestRunner.java:760)
	at org.eclipse.jdt.internal.junit.runner.RemoteTestRunner.run(RemoteTestRunner.java:460)
	at org.eclipse.jdt.internal.junit.runner.RemoteTestRunner.main(RemoteTestRunner.java:206)
16:53:28.112 [main] ERROR io.ebean.Ebean - Error trying to create the default EbeanServer
java.lang.IllegalStateException: Bean class com.zamek.wob.domain.order.Order is not enhanced?
	at io.ebeaninternal.server.deploy.BeanDescriptorManager.setEntityBeanClass(BeanDescriptorManager.java:1521)
	at io.ebeaninternal.server.deploy.BeanDescriptorManager.createByteCode(BeanDescriptorManager.java:1391)
	at io.ebeaninternal.server.deploy.BeanDescriptorManager.readDeployAssociations(BeanDescriptorManager.java:1313)
	at io.ebeaninternal.server.deploy.BeanDescriptorManager.readEntityDeploymentAssociations(BeanDescriptorManager.java:748)
	at io.ebeaninternal.server.deploy.BeanDescriptorManager.deploy(BeanDescriptorManager.java:362)
	at io.ebeaninternal.server.core.InternalConfiguration.<init>(InternalConfiguration.java:154)
	at io.ebeaninternal.server.core.DefaultContainer.createServer(DefaultContainer.java:142)
	at io.ebeaninternal.server.core.DefaultContainer.createServer(DefaultContainer.java:91)
	at io.ebeaninternal.server.core.DefaultContainer.createServer(DefaultContainer.java:46)
	at io.ebean.EbeanServerFactory.create(EbeanServerFactory.java:54)
	at io.ebean.Ebean$ServerManager.getWithCreate(Ebean.java:195)
	at io.ebean.Ebean$ServerManager.<init>(Ebean.java:153)
	at io.ebean.Ebean$ServerManager.<init>(Ebean.java:126)
	at io.ebean.Ebean.<clinit>(Ebean.java:120)
	at com.zamek.wob.domain.DbTest.dbTest(DbTest.java:31)
	at sun.reflect.NativeMethodAccessorImpl.invoke0(Native Method)
	at sun.reflect.NativeMethodAccessorImpl.invoke(NativeMethodAccessorImpl.java:62)
	at sun.reflect.DelegatingMethodAccessorImpl.invoke(DelegatingMethodAccessorImpl.java:43)
	at java.lang.reflect.Method.invoke(Method.java:498)
	at org.junit.runners.model.FrameworkMethod$1.runReflectiveCall(FrameworkMethod.java:50)
	at org.junit.internal.runners.model.ReflectiveCallable.run(ReflectiveCallable.java:12)
	at org.junit.runners.model.FrameworkMethod.invokeExplosively(FrameworkMethod.java:47)
	at org.junit.internal.runners.statements.InvokeMethod.evaluate(InvokeMethod.java:17)
	at org.junit.runners.ParentRunner.runLeaf(ParentRunner.java:325)
	at org.junit.runners.BlockJUnit4ClassRunner.runChild(BlockJUnit4ClassRunner.java:78)
	at org.junit.runners.BlockJUnit4ClassRunner.runChild(BlockJUnit4ClassRunner.java:57)
	at org.junit.runners.ParentRunner$3.run(ParentRunner.java:290)
	at org.junit.runners.ParentRunner$1.schedule(ParentRunner.java:71)
	at org.junit.runners.ParentRunner.runChildren(ParentRunner.java:288)
	at org.junit.runners.ParentRunner.access$000(ParentRunner.java:58)
	at org.junit.runners.ParentRunner$2.evaluate(ParentRunner.java:268)
	at org.junit.runners.ParentRunner.run(ParentRunner.java:363)
	at org.eclipse.jdt.internal.junit4.runner.JUnit4TestReference.run(JUnit4TestReference.java:86)
	at org.eclipse.jdt.internal.junit.runner.TestExecution.run(TestExecution.java:38)
	at org.eclipse.jdt.internal.junit.runner.RemoteTestRunner.runTests(RemoteTestRunner.java:538)
	at org.eclipse.jdt.internal.junit.runner.RemoteTestRunner.runTests(RemoteTestRunner.java:760)
	at org.eclipse.jdt.internal.junit.runner.RemoteTestRunner.run(RemoteTestRunner.java:460)
	at org.eclipse.jdt.internal.junit.runner.RemoteTestRunner.main(RemoteTestRunner.java:206)
16:59:08.212 [main] INFO  io.ebean.internal.DefaultContainer - DatabasePlatform name:db platform:h2
16:59:08.466 [main] ERROR i.e.s.deploy.BeanDescriptorManager - Error in deployment
java.lang.IllegalStateException: Bean class com.zamek.wob.domain.order.Order is not enhanced?
	at io.ebeaninternal.server.deploy.BeanDescriptorManager.setEntityBeanClass(BeanDescriptorManager.java:1521)
	at io.ebeaninternal.server.deploy.BeanDescriptorManager.createByteCode(BeanDescriptorManager.java:1391)
	at io.ebeaninternal.server.deploy.BeanDescriptorManager.readDeployAssociations(BeanDescriptorManager.java:1313)
	at io.ebeaninternal.server.deploy.BeanDescriptorManager.readEntityDeploymentAssociations(BeanDescriptorManager.java:748)
	at io.ebeaninternal.server.deploy.BeanDescriptorManager.deploy(BeanDescriptorManager.java:362)
	at io.ebeaninternal.server.core.InternalConfiguration.<init>(InternalConfiguration.java:154)
	at io.ebeaninternal.server.core.DefaultContainer.createServer(DefaultContainer.java:142)
	at io.ebeaninternal.server.core.DefaultContainer.createServer(DefaultContainer.java:91)
	at io.ebeaninternal.server.core.DefaultContainer.createServer(DefaultContainer.java:46)
	at io.ebean.EbeanServerFactory.create(EbeanServerFactory.java:54)
	at io.ebean.Ebean$ServerManager.getWithCreate(Ebean.java:195)
	at io.ebean.Ebean$ServerManager.<init>(Ebean.java:153)
	at io.ebean.Ebean$ServerManager.<init>(Ebean.java:126)
	at io.ebean.Ebean.<clinit>(Ebean.java:120)
	at com.zamek.wob.domain.DbTest.dbTest(DbTest.java:44)
	at sun.reflect.NativeMethodAccessorImpl.invoke0(Native Method)
	at sun.reflect.NativeMethodAccessorImpl.invoke(NativeMethodAccessorImpl.java:62)
	at sun.reflect.DelegatingMethodAccessorImpl.invoke(DelegatingMethodAccessorImpl.java:43)
	at java.lang.reflect.Method.invoke(Method.java:498)
	at org.junit.runners.model.FrameworkMethod$1.runReflectiveCall(FrameworkMethod.java:50)
	at org.junit.internal.runners.model.ReflectiveCallable.run(ReflectiveCallable.java:12)
	at org.junit.runners.model.FrameworkMethod.invokeExplosively(FrameworkMethod.java:47)
	at org.junit.internal.runners.statements.InvokeMethod.evaluate(InvokeMethod.java:17)
	at org.junit.runners.ParentRunner.runLeaf(ParentRunner.java:325)
	at org.junit.runners.BlockJUnit4ClassRunner.runChild(BlockJUnit4ClassRunner.java:78)
	at org.junit.runners.BlockJUnit4ClassRunner.runChild(BlockJUnit4ClassRunner.java:57)
	at org.junit.runners.ParentRunner$3.run(ParentRunner.java:290)
	at org.junit.runners.ParentRunner$1.schedule(ParentRunner.java:71)
	at org.junit.runners.ParentRunner.runChildren(ParentRunner.java:288)
	at org.junit.runners.ParentRunner.access$000(ParentRunner.java:58)
	at org.junit.runners.ParentRunner$2.evaluate(ParentRunner.java:268)
	at org.junit.runners.ParentRunner.run(ParentRunner.java:363)
	at org.eclipse.jdt.internal.junit4.runner.JUnit4TestReference.run(JUnit4TestReference.java:86)
	at org.eclipse.jdt.internal.junit.runner.TestExecution.run(TestExecution.java:38)
	at org.eclipse.jdt.internal.junit.runner.RemoteTestRunner.runTests(RemoteTestRunner.java:538)
	at org.eclipse.jdt.internal.junit.runner.RemoteTestRunner.runTests(RemoteTestRunner.java:760)
	at org.eclipse.jdt.internal.junit.runner.RemoteTestRunner.run(RemoteTestRunner.java:460)
	at org.eclipse.jdt.internal.junit.runner.RemoteTestRunner.main(RemoteTestRunner.java:206)
16:59:08.468 [main] ERROR io.ebean.Ebean - Error trying to create the default EbeanServer
java.lang.IllegalStateException: Bean class com.zamek.wob.domain.order.Order is not enhanced?
	at io.ebeaninternal.server.deploy.BeanDescriptorManager.setEntityBeanClass(BeanDescriptorManager.java:1521)
	at io.ebeaninternal.server.deploy.BeanDescriptorManager.createByteCode(BeanDescriptorManager.java:1391)
	at io.ebeaninternal.server.deploy.BeanDescriptorManager.readDeployAssociations(BeanDescriptorManager.java:1313)
	at io.ebeaninternal.server.deploy.BeanDescriptorManager.readEntityDeploymentAssociations(BeanDescriptorManager.java:748)
	at io.ebeaninternal.server.deploy.BeanDescriptorManager.deploy(BeanDescriptorManager.java:362)
	at io.ebeaninternal.server.core.InternalConfiguration.<init>(InternalConfiguration.java:154)
	at io.ebeaninternal.server.core.DefaultContainer.createServer(DefaultContainer.java:142)
	at io.ebeaninternal.server.core.DefaultContainer.createServer(DefaultContainer.java:91)
	at io.ebeaninternal.server.core.DefaultContainer.createServer(DefaultContainer.java:46)
	at io.ebean.EbeanServerFactory.create(EbeanServerFactory.java:54)
	at io.ebean.Ebean$ServerManager.getWithCreate(Ebean.java:195)
	at io.ebean.Ebean$ServerManager.<init>(Ebean.java:153)
	at io.ebean.Ebean$ServerManager.<init>(Ebean.java:126)
	at io.ebean.Ebean.<clinit>(Ebean.java:120)
	at com.zamek.wob.domain.DbTest.dbTest(DbTest.java:44)
	at sun.reflect.NativeMethodAccessorImpl.invoke0(Native Method)
	at sun.reflect.NativeMethodAccessorImpl.invoke(NativeMethodAccessorImpl.java:62)
	at sun.reflect.DelegatingMethodAccessorImpl.invoke(DelegatingMethodAccessorImpl.java:43)
	at java.lang.reflect.Method.invoke(Method.java:498)
	at org.junit.runners.model.FrameworkMethod$1.runReflectiveCall(FrameworkMethod.java:50)
	at org.junit.internal.runners.model.ReflectiveCallable.run(ReflectiveCallable.java:12)
	at org.junit.runners.model.FrameworkMethod.invokeExplosively(FrameworkMethod.java:47)
	at org.junit.internal.runners.statements.InvokeMethod.evaluate(InvokeMethod.java:17)
	at org.junit.runners.ParentRunner.runLeaf(ParentRunner.java:325)
	at org.junit.runners.BlockJUnit4ClassRunner.runChild(BlockJUnit4ClassRunner.java:78)
	at org.junit.runners.BlockJUnit4ClassRunner.runChild(BlockJUnit4ClassRunner.java:57)
	at org.junit.runners.ParentRunner$3.run(ParentRunner.java:290)
	at org.junit.runners.ParentRunner$1.schedule(ParentRunner.java:71)
	at org.junit.runners.ParentRunner.runChildren(ParentRunner.java:288)
	at org.junit.runners.ParentRunner.access$000(ParentRunner.java:58)
	at org.junit.runners.ParentRunner$2.evaluate(ParentRunner.java:268)
	at org.junit.runners.ParentRunner.run(ParentRunner.java:363)
	at org.eclipse.jdt.internal.junit4.runner.JUnit4TestReference.run(JUnit4TestReference.java:86)
	at org.eclipse.jdt.internal.junit.runner.TestExecution.run(TestExecution.java:38)
	at org.eclipse.jdt.internal.junit.runner.RemoteTestRunner.runTests(RemoteTestRunner.java:538)
	at org.eclipse.jdt.internal.junit.runner.RemoteTestRunner.runTests(RemoteTestRunner.java:760)
	at org.eclipse.jdt.internal.junit.runner.RemoteTestRunner.run(RemoteTestRunner.java:460)
	at org.eclipse.jdt.internal.junit.runner.RemoteTestRunner.main(RemoteTestRunner.java:206)
17:02:33.163 [main] INFO  io.ebean.internal.DefaultContainer - DatabasePlatform name:db platform:h2
17:02:33.572 [main] TRACE io.ebean.TXN - txn[1001] Begin
17:02:33.573 [main] INFO  io.ebean.DDL - Executing db-create-all.sql - 1 statements
17:02:33.574 [main] DEBUG io.ebean.DDL - executing 1 of 1 create table order_ ( orderid                       bigint auto_increment not nu...
17:02:33.611 [main] DEBUG io.ebean.TXN - txn[1001] Commit
17:02:33.633 [main] DEBUG io.ebean.SQL - txn[1002] insert into order_ (OrderId, BuyerName, BuyerEmail, OrderDate, OrderTotalValue, Address, PostCode) values (?,?,?,?,?,?,?); --bind(1,Zaphod Beeblebrox,zaphod.beeblebrox@magrathea.ma,2013-01-05,42.0,Planet Magrathea,4242)
17:02:33.637 [main] DEBUG io.ebean.SUM - txn[1002] Inserted [Order] [1]
17:02:33.637 [main] DEBUG io.ebean.TXN - txn[1002] Commit
17:02:33.790 [main] DEBUG io.ebean.SQL - txn[1003] select t0.OrderId, t0.BuyerName, t0.BuyerEmail, t0.OrderDate, t0.OrderTotalValue, t0.Address, t0.PostCode from order_ t0 where t0.OrderId = ?  ; --bind(1, )
17:02:33.798 [main] DEBUG io.ebean.SUM - txn[1003] FindBean type[Order] origin[DrJiFD.A.A] exeMicros[27446] rows[1] bind[1, ]
17:02:33.803 [main] DEBUG io.ebean.SQL - txn[1004] select t0.OrderId, t0.BuyerName, t0.BuyerEmail, t0.OrderDate, t0.OrderTotalValue, t0.Address, t0.PostCode from order_ t0 where t0.OrderId = ?  ; --bind(2, )
17:02:33.803 [main] DEBUG io.ebean.SUM - txn[1004] FindBean type[Order] origin[DrJiFD.A.A] exeMicros[802] rows[0] bind[2, ]
17:02:33.805 [main] ERROR com.zamek.wob.csv.CSVImporter - Cannot open response file &s : /tmp/test.response 
17:03:44.921 [main] INFO  io.ebean.internal.DefaultContainer - DatabasePlatform name:db platform:h2
17:03:45.299 [main] TRACE io.ebean.TXN - txn[1001] Begin
17:03:45.300 [main] INFO  io.ebean.DDL - Executing db-create-all.sql - 1 statements
17:03:45.300 [main] DEBUG io.ebean.DDL - executing 1 of 1 create table order_ ( orderid                       bigint auto_increment not nu...
17:03:45.325 [main] DEBUG io.ebean.TXN - txn[1001] Commit
17:03:45.346 [main] DEBUG io.ebean.SQL - txn[1002] insert into order_ (OrderId, BuyerName, BuyerEmail, OrderDate, OrderTotalValue, Address, PostCode) values (?,?,?,?,?,?,?); --bind(1,Zaphod Beeblebrox,zaphod.beeblebrox@magrathea.ma,2013-01-05,42.0,Planet Magrathea,4242)
17:03:45.348 [main] DEBUG io.ebean.SUM - txn[1002] Inserted [Order] [1]
17:03:45.349 [main] DEBUG io.ebean.TXN - txn[1002] Commit
17:03:45.450 [main] DEBUG io.ebean.SQL - txn[1003] select t0.OrderId, t0.BuyerName, t0.BuyerEmail, t0.OrderDate, t0.OrderTotalValue, t0.Address, t0.PostCode from order_ t0 where t0.OrderId = ?  ; --bind(1, )
17:03:45.454 [main] DEBUG io.ebean.SUM - txn[1003] FindBean type[Order] origin[DrJiFD.A.A] exeMicros[21601] rows[1] bind[1, ]
17:03:45.457 [main] DEBUG io.ebean.SQL - txn[1004] select t0.OrderId, t0.BuyerName, t0.BuyerEmail, t0.OrderDate, t0.OrderTotalValue, t0.Address, t0.PostCode from order_ t0 where t0.OrderId = ?  ; --bind(2, )
17:03:45.457 [main] DEBUG io.ebean.SUM - txn[1004] FindBean type[Order] origin[DrJiFD.A.A] exeMicros[678] rows[0] bind[2, ]
17:03:45.458 [main] ERROR com.zamek.wob.csv.CSVImporter - Cannot open response file &s : /tmp/test.response 
17:03:54.250 [main] INFO  io.ebean.internal.DefaultContainer - DatabasePlatform name:db platform:h2
17:03:54.803 [main] TRACE io.ebean.TXN - txn[1001] Begin
17:03:54.805 [main] INFO  io.ebean.DDL - Executing db-create-all.sql - 1 statements
17:03:54.805 [main] DEBUG io.ebean.DDL - executing 1 of 1 create table order_ ( orderid                       bigint auto_increment not nu...
17:03:54.852 [main] DEBUG io.ebean.TXN - txn[1001] Commit
17:03:54.874 [main] DEBUG io.ebean.SQL - txn[1002] insert into order_ (OrderId, BuyerName, BuyerEmail, OrderDate, OrderTotalValue, Address, PostCode) values (?,?,?,?,?,?,?); --bind(1,Zaphod Beeblebrox,zaphod.beeblebrox@magrathea.ma,2013-01-05,42.0,Planet Magrathea,4242)
17:03:54.878 [main] DEBUG io.ebean.SUM - txn[1002] Inserted [Order] [1]
17:03:54.878 [main] DEBUG io.ebean.TXN - txn[1002] Commit
18:04:36.561 [main] INFO  io.ebean.internal.DefaultContainer - DatabasePlatform name:db platform:h2
18:04:37.021 [main] TRACE io.ebean.TXN - txn[1001] Begin
18:04:37.025 [main] INFO  io.ebean.DDL - Executing db-create-all.sql - 1 statements
18:04:37.026 [main] DEBUG io.ebean.DDL - executing 1 of 1 create table order_ ( orderid                       bigint auto_increment not nu...
18:04:37.078 [main] DEBUG io.ebean.TXN - txn[1001] Commit
18:04:37.102 [main] DEBUG io.ebean.SQL - txn[1002] insert into order_ (OrderId, BuyerName, BuyerEmail, OrderDate, OrderTotalValue, Address, PostCode) values (?,?,?,?,?,?,?); --bind(1,Zaphod Beeblebrox,zaphod.beeblebrox@magrathea.ma,2013-01-05,42.0,Planet Magrathea,4242)
18:04:37.104 [main] DEBUG io.ebean.SUM - txn[1002] Inserted [Order] [1]
18:04:37.105 [main] DEBUG io.ebean.TXN - txn[1002] Commit
18:05:42.614 [main] INFO  io.ebean.internal.DefaultContainer - DatabasePlatform name:db platform:h2
18:06:29.168 [main] TRACE io.ebean.TXN - txn[1001] Begin
18:06:29.323 [main] INFO  io.ebean.DDL - Executing db-create-all.sql - 1 statements
18:06:29.342 [main] DEBUG io.ebean.DDL - executing 1 of 1 create table order_ ( orderid                       bigint auto_increment not nu...
18:06:31.820 [main] DEBUG io.ebean.TXN - txn[1001] Commit
18:06:34.924 [main] DEBUG io.ebean.SQL - txn[1002] insert into order_ (OrderId, BuyerName, BuyerEmail, OrderDate, OrderTotalValue, Address, PostCode) values (?,?,?,?,?,?,?); --bind(1,Zaphod Beeblebrox,zaphod.beeblebrox@magrathea.ma,2013-01-05,42.0,Planet Magrathea,4242)
18:06:34.973 [main] DEBUG io.ebean.SUM - txn[1002] Inserted [Order] [1]
18:06:34.981 [main] DEBUG io.ebean.TXN - txn[1002] Commit
18:28:25.599 [main] INFO  io.ebean.internal.DefaultContainer - DatabasePlatform name:db platform:h2
18:28:26.035 [main] TRACE io.ebean.TXN - txn[1001] Begin
18:28:26.037 [main] INFO  io.ebean.DDL - Executing db-create-all.sql - 1 statements
18:28:26.037 [main] DEBUG io.ebean.DDL - executing 1 of 1 create table order_ ( orderid                       bigint auto_increment not nu...
18:28:26.069 [main] DEBUG io.ebean.TXN - txn[1001] Commit
18:28:26.089 [main] DEBUG io.ebean.SQL - txn[1002] insert into order_ (OrderId, BuyerName, BuyerEmail, OrderDate, OrderTotalValue, Address, PostCode) values (?,?,?,?,?,?,?); --bind(1,Zaphod Beeblebrox,zaphod.beeblebrox@magrathea.ma,2013-01-05,42.0,Planet Magrathea,4242)
18:28:26.092 [main] DEBUG io.ebean.SUM - txn[1002] Inserted [Order] [1]
18:28:26.092 [main] DEBUG io.ebean.TXN - txn[1002] Commit
18:28:26.211 [main] DEBUG io.ebean.SQL - txn[1003] select t0.OrderId, t0.BuyerName, t0.BuyerEmail, t0.OrderDate, t0.OrderTotalValue, t0.Address, t0.PostCode from order_ t0 where t0.OrderId = ?  ; --bind(1, )
18:28:26.215 [main] DEBUG io.ebean.SUM - txn[1003] FindBean type[Order] origin[DrJiFD.A.A] exeMicros[21851] rows[1] bind[1, ]
18:28:26.218 [main] DEBUG io.ebean.SQL - txn[1004] select t0.OrderId, t0.BuyerName, t0.BuyerEmail, t0.OrderDate, t0.OrderTotalValue, t0.Address, t0.PostCode from order_ t0 where t0.OrderId = ?  ; --bind(2, )
18:28:26.218 [main] DEBUG io.ebean.SUM - txn[1004] FindBean type[Order] origin[DrJiFD.A.A] exeMicros[598] rows[0] bind[2, ]
18:28:26.219 [main] ERROR com.zamek.wob.csv.CSVImporter - Cannot open response file &s : /tmp/test.response 
